1
                          **** CINEMATIQUE ****
 
78Ni(p,p)78Ni @ 7800 MeV                                                       

        THLAB3      ELAB3      THLAB4      ELAB4

         0.00        409.77         0.00       7390.23
         0.10        409.77         0.00       7390.23
         0.20        409.76         0.01       7390.24
         0.30        409.76         0.01       7390.24
         0.40        409.74         0.01       7390.26
         0.50        409.73         0.01       7390.27
         0.60        409.71         0.02       7390.29
         0.70        409.69         0.02       7390.31
         0.80        409.67         0.02       7390.33
         0.90        409.65         0.03       7390.35
         1.00        409.62         0.03       7390.38
         1.10        409.58         0.03       7390.42
         1.20        409.55         0.03       7390.45
         1.30        409.51         0.04       7390.49
         1.40        409.47         0.04       7390.53
         1.50        409.43         0.04       7390.57
         1.60        409.38         0.05       7390.62
         1.70        409.33         0.05       7390.67
         1.80        409.28         0.05       7390.72
         1.90        409.22         0.05       7390.78
         2.00        409.16         0.06       7390.84
         2.10        409.10         0.06       7390.90
         2.20        409.03         0.06       7390.97
         2.30        408.96         0.07       7391.04
         2.40        408.89         0.07       7391.11
         2.50        408.82         0.07       7391.18
         2.60        408.74         0.07       7391.26
         2.70        408.66         0.08       7391.34
         2.80        408.58         0.08       7391.42
         2.90        408.49         0.08       7391.51
         3.00        408.40         0.09       7391.60
         3.10        408.31         0.09       7391.69
         3.20        408.21         0.09       7391.79
         3.30        408.11         0.09       7391.89
         3.40        408.01         0.10       7391.99
         3.50        407.91         0.10       7392.09
         3.60        407.80         0.10       7392.20
         3.70        407.69         0.11       7392.31
         3.80        407.58         0.11       7392.42
         3.90        407.46         0.11       7392.54
         4.00        407.34         0.11       7392.66
         4.10        407.22         0.12       7392.78
         4.20        407.09         0.12       7392.91
         4.30        406.96         0.12       7393.04
         4.40        406.83         0.13       7393.17
         4.50        406.70         0.13       7393.30
         4.60        406.56         0.13       7393.44
         4.70        406.42         0.13       7393.58
         4.80        406.27         0.14       7393.73
         4.90        406.13         0.14       7393.87
1


 78Ni(p,p)78Ni @ 7800 MeV                                                       

        THLAB3      ELAB3      THLAB4      ELAB4

         5.00        405.98         0.14       7394.02
         5.10        405.83         0.15       7394.17
         5.20        405.67         0.15       7394.33
         5.30        405.51         0.15       7394.49
         5.40        405.35         0.15       7394.65
         5.50        405.19         0.16       7394.81
         5.60        405.02         0.16       7394.98
         5.70        404.85         0.16       7395.15
         5.80        404.68         0.17       7395.32
         5.90        404.50         0.17       7395.50
         6.00        404.32         0.17       7395.68
         6.10        404.14         0.17       7395.86
         6.20        403.95         0.18       7396.05
         6.30        403.77         0.18       7396.23
         6.40        403.57         0.18       7396.43
         6.50        403.38         0.18       7396.62
         6.60        403.18         0.19       7396.82
         6.70        402.98         0.19       7397.02
         6.80        402.78         0.19       7397.22
         6.90        402.58         0.20       7397.42
         7.00        402.37         0.20       7397.63
         7.10        402.16         0.20       7397.84
         7.20        401.94         0.20       7398.06
         7.30        401.73         0.21       7398.27
         7.40        401.51         0.21       7398.49
         7.50        401.28         0.21       7398.72
         7.60        401.06         0.21       7398.94
         7.70        400.83         0.22       7399.17
         7.80        400.60         0.22       7399.40
         7.90        400.36         0.22       7399.64
         8.00        400.13         0.23       7399.87
         8.10        399.89         0.23       7400.11
         8.20        399.64         0.23       7400.36
         8.30        399.40         0.23       7400.60
         8.40        399.15         0.24       7400.85
         8.50        398.90         0.24       7401.10
         8.60        398.65         0.24       7401.35
         8.70        398.39         0.24       7401.61
         8.80        398.13         0.25       7401.87
         8.90        397.87         0.25       7402.13
         9.00        397.60         0.25       7402.40
         9.10        397.33         0.26       7402.67
         9.20        397.06         0.26       7402.94
         9.30        396.79         0.26       7403.21
         9.40        396.51         0.26       7403.49
         9.50        396.23         0.27       7403.77
         9.60        395.95         0.27       7404.05
         9.70        395.67         0.27       7404.33
         9.80        395.38         0.27       7404.62
         9.90        395.09         0.28       7404.91
        10.00        394.79         0.28       7405.21
1


 78Ni(p,p)78Ni @ 7800 MeV                                                       

        THLAB3      ELAB3      THLAB4      ELAB4

        10.10        394.50         0.28       7405.50
        10.20        394.20         0.28       7405.80
        10.30        393.90         0.29       7406.10
        10.40        393.59         0.29       7406.41
        10.50        393.29         0.29       7406.71
        10.60        392.98         0.30       7407.02
        10.70        392.67         0.30       7407.33
        10.80        392.35         0.30       7407.65
        10.90        392.03         0.30       7407.97
        11.00        391.71         0.31       7408.29
        11.10        391.39         0.31       7408.61
        11.20        391.06         0.31       7408.94
        11.30        390.74         0.31       7409.26
        11.40        390.41         0.32       7409.59
        11.50        390.07         0.32       7409.93
        11.60        389.74         0.32       7410.26
        11.70        389.40         0.32       7410.60
        11.80        389.05         0.33       7410.95
        11.90        388.71         0.33       7411.29
        12.00        388.36         0.33       7411.64
        12.10        388.01         0.33       7411.99
        12.20        387.66         0.34       7412.34
        12.30        387.31         0.34       7412.69
        12.40        386.95         0.34       7413.05
        12.50        386.59         0.34       7413.41
        12.60        386.23         0.35       7413.77
        12.70        385.86         0.35       7414.14
        12.80        385.49         0.35       7414.51
        12.90        385.12         0.35       7414.88
        13.00        384.75         0.36       7415.25
        13.10        384.38         0.36       7415.62
        13.20        384.00         0.36       7416.00
        13.30        383.62         0.36       7416.38
        13.40        383.23         0.37       7416.77
        13.50        382.85         0.37       7417.15
        13.60        382.46         0.37       7417.54
        13.70        382.07         0.37       7417.93
        13.80        381.68         0.38       7418.32
        13.90        381.28         0.38       7418.72
        14.00        380.88         0.38       7419.12
        14.10        380.48         0.38       7419.52
        14.20        380.08         0.39       7419.92
        14.30        379.67         0.39       7420.33
        14.40        379.27         0.39       7420.73
        14.50        378.86         0.39       7421.14
        14.60        378.44         0.40       7421.56
        14.70        378.03         0.40       7421.97
        14.80        377.61         0.40       7422.39
        14.90        377.19         0.40       7422.81
        15.00        376.77         0.40       7423.23
        15.10        376.34         0.41       7423.66
1


 78Ni(p,p)78Ni @ 7800 MeV                                                       

        THLAB3      ELAB3      THLAB4      ELAB4

        15.20        375.92         0.41       7424.08
        15.30        375.49         0.41       7424.51
        15.40        375.05         0.41       7424.95
        15.50        374.62         0.42       7425.38
        15.60        374.18         0.42       7425.82
        15.70        373.74         0.42       7426.26
        15.80        373.30         0.42       7426.70
        15.90        372.86         0.43       7427.14
        16.00        372.41         0.43       7427.59
        16.10        371.96         0.43       7428.04
        16.20        371.51         0.43       7428.49
        16.30        371.06         0.43       7428.94
        16.40        370.61         0.44       7429.39
        16.50        370.15         0.44       7429.85
        16.60        369.69         0.44       7430.31
        16.70        369.23         0.44       7430.77
        16.80        368.76         0.45       7431.24
        16.90        368.29         0.45       7431.71
        17.00        367.83         0.45       7432.17
        17.10        367.35         0.45       7432.65
        17.20        366.88         0.45       7433.12
        17.30        366.41         0.46       7433.59
        17.40        365.93         0.46       7434.07
        17.50        365.45         0.46       7434.55
        17.60        364.97         0.46       7435.03
        17.70        364.48         0.47       7435.52
        17.80        363.99         0.47       7436.01
        17.90        363.51         0.47       7436.49
        18.00        363.01         0.47       7436.99
        18.10        362.52         0.47       7437.48
        18.20        362.03         0.48       7437.97
        18.30        361.53         0.48       7438.47
        18.40        361.03         0.48       7438.97
        18.50        360.53         0.48       7439.47
        18.60        360.02         0.48       7439.98
        18.70        359.52         0.49       7440.48
        18.80        359.01         0.49       7440.99
        18.90        358.50         0.49       7441.50
        19.00        357.99         0.49       7442.01
        19.10        357.48         0.50       7442.52
        19.20        356.96         0.50       7443.04
        19.30        356.44         0.50       7443.56
        19.40        355.92         0.50       7444.08
        19.50        355.40         0.50       7444.60
        19.60        354.88         0.51       7445.12
        19.70        354.35         0.51       7445.65
        19.80        353.82         0.51       7446.18
        19.90        353.29         0.51       7446.71
        20.00        352.76         0.51       7447.24
        20.10        352.22         0.52       7447.78
        20.20        351.69         0.52       7448.31
1


 78Ni(p,p)78Ni @ 7800 MeV                                                       

        THLAB3      ELAB3      THLAB4      ELAB4

        20.30        351.15         0.52       7448.85
        20.40        350.61         0.52       7449.39
        20.50        350.07         0.52       7449.93
        20.60        349.53         0.53       7450.47
        20.70        348.98         0.53       7451.02
        20.80        348.43         0.53       7451.57
        20.90        347.88         0.53       7452.12
        21.00        347.33         0.53       7452.67
        21.10        346.78         0.54       7453.22
        21.20        346.22         0.54       7453.78
        21.30        345.67         0.54       7454.33
        21.40        345.11         0.54       7454.89
        21.50        344.55         0.54       7455.45
        21.60        343.99         0.54       7456.01
        21.70        343.42         0.55       7456.58
        21.80        342.86         0.55       7457.14
        21.90        342.29         0.55       7457.71
        22.00        341.72         0.55       7458.28
        22.10        341.15         0.55       7458.85
        22.20        340.57         0.56       7459.43
        22.30        340.00         0.56       7460.00
        22.40        339.42         0.56       7460.58
        22.50        338.84         0.56       7461.16
        22.60        338.27         0.56       7461.73
        22.70        337.68         0.56       7462.32
        22.80        337.10         0.57       7462.90
        22.90        336.52         0.57       7463.48
        23.00        335.93         0.57       7464.07
        23.10        335.34         0.57       7464.66
        23.20        334.75         0.57       7465.25
        23.30        334.16         0.57       7465.84
        23.40        333.57         0.58       7466.43
        23.50        332.97         0.58       7467.03
        23.60        332.37         0.58       7467.63
        23.70        331.78         0.58       7468.22
        23.80        331.18         0.58       7468.82
        23.90        330.57         0.59       7469.43
        24.00        329.97         0.59       7470.03
        24.10        329.37         0.59       7470.63
        24.20        328.76         0.59       7471.24
        24.30        328.15         0.59       7471.85
        24.40        327.54         0.59       7472.46
        24.50        326.93         0.59       7473.07
        24.60        326.32         0.60       7473.68
        24.70        325.71         0.60       7474.29
        24.80        325.09         0.60       7474.91
        24.90        324.48         0.60       7475.52
        25.00        323.86         0.60       7476.14
        25.10        323.24         0.60       7476.76
        25.20        322.62         0.61       7477.38
        25.30        322.00         0.61       7478.00
1


 78Ni(p,p)78Ni @ 7800 MeV                                                       

        THLAB3      ELAB3      THLAB4      ELAB4

        25.40        321.37         0.61       7478.63
        25.50        320.75         0.61       7479.25
        25.60        320.12         0.61       7479.88
        25.70        319.49         0.61       7480.51
        25.80        318.86         0.62       7481.14
        25.90        318.23         0.62       7481.77
        26.00        317.60         0.62       7482.40
        26.10        316.97         0.62       7483.03
        26.20        316.33         0.62       7483.67
        26.30        315.69         0.62       7484.31
        26.40        315.06         0.62       7484.94
        26.50        314.42         0.63       7485.58
        26.60        313.78         0.63       7486.22
        26.70        313.14         0.63       7486.86
        26.80        312.49         0.63       7487.51
        26.90        311.85         0.63       7488.15
        27.00        311.20         0.63       7488.80
        27.10        310.56         0.63       7489.44
        27.20        309.91         0.64       7490.09
        27.30        309.26         0.64       7490.74
        27.40        308.61         0.64       7491.39
        27.50        307.96         0.64       7492.04
        27.60        307.31         0.64       7492.69
        27.70        306.65         0.64       7493.35
        27.80        306.00         0.64       7494.00
        27.90        305.34         0.64       7494.66
        28.00        304.68         0.65       7495.32
        28.10        304.03         0.65       7495.97
        28.20        303.37         0.65       7496.63
        28.30        302.70         0.65       7497.30
        28.40        302.04         0.65       7497.96
        28.50        301.38         0.65       7498.62
        28.60        300.72         0.65       7499.28
        28.70        300.05         0.65       7499.95
        28.80        299.38         0.66       7500.62
        28.90        298.72         0.66       7501.28
        29.00        298.05         0.66       7501.95
        29.10        297.38         0.66       7502.62
        29.20        296.71         0.66       7503.29
        29.30        296.04         0.66       7503.96
        29.40        295.36         0.66       7504.64
        29.50        294.69         0.66       7505.31
        29.60        294.02         0.67       7505.98
        29.70        293.34         0.67       7506.66
        29.80        292.66         0.67       7507.34
        29.90        291.99         0.67       7508.01
        30.00        291.31         0.67       7508.69
        30.10        290.63         0.67       7509.37
        30.20        289.95         0.67       7510.05
        30.30        289.27         0.67       7510.73
        30.40        288.59         0.67       7511.41
1


 78Ni(p,p)78Ni @ 7800 MeV                                                       

        THLAB3      ELAB3      THLAB4      ELAB4

        30.50        287.90         0.68       7512.10
        30.60        287.22         0.68       7512.78
        30.70        286.53         0.68       7513.47
        30.80        285.85         0.68       7514.15
        30.90        285.16         0.68       7514.84
        31.00        284.47         0.68       7515.53
        31.10        283.79         0.68       7516.21
        31.20        283.10         0.68       7516.90
        31.30        282.41         0.68       7517.59
        31.40        281.72         0.68       7518.28
        31.50        281.02         0.69       7518.98
        31.60        280.33         0.69       7519.67
        31.70        279.64         0.69       7520.36
        31.80        278.95         0.69       7521.05
        31.90        278.25         0.69       7521.75
        32.00        277.56         0.69       7522.44
        32.10        276.86         0.69       7523.14
        32.20        276.16         0.69       7523.84
        32.30        275.47         0.69       7524.53
        32.40        274.77         0.69       7525.23
        32.50        274.07         0.69       7525.93
        32.60        273.37         0.70       7526.63
        32.70        272.67         0.70       7527.33
        32.80        271.97         0.70       7528.03
        32.90        271.27         0.70       7528.73
        33.00        270.57         0.70       7529.43
        33.10        269.86         0.70       7530.14
        33.20        269.16         0.70       7530.84
        33.30        268.46         0.70       7531.54
        33.40        267.75         0.70       7532.25
        33.50        267.05         0.70       7532.95
        33.60        266.34         0.70       7533.66
        33.70        265.63         0.70       7534.37
        33.80        264.93         0.71       7535.07
        33.90        264.22         0.71       7535.78
        34.00        263.51         0.71       7536.49
        34.10        262.80         0.71       7537.20
        34.20        262.09         0.71       7537.91
        34.30        261.38         0.71       7538.62
        34.40        260.67         0.71       7539.33
        34.50        259.96         0.71       7540.04
        34.60        259.25         0.71       7540.75
        34.70        258.54         0.71       7541.46
        34.80        257.83         0.71       7542.17
        34.90        257.12         0.71       7542.88
        35.00        256.40         0.71       7543.60
        35.10        255.69         0.71       7544.31
        35.20        254.98         0.71       7545.02
        35.30        254.26         0.72       7545.74
        35.40        253.55         0.72       7546.45
        35.50        252.83         0.72       7547.17
1


 78Ni(p,p)78Ni @ 7800 MeV                                                       

        THLAB3      ELAB3      THLAB4      ELAB4

        35.60        252.12         0.72       7547.88
        35.70        251.40         0.72       7548.60
        35.80        250.69         0.72       7549.31
        35.90        249.97         0.72       7550.03
        36.00        249.26         0.72       7550.74
        36.10        248.54         0.72       7551.46
        36.20        247.82         0.72       7552.18
        36.30        247.10         0.72       7552.90
        36.40        246.39         0.72       7553.61
        36.50        245.67         0.72       7554.33
        36.60        244.95         0.72       7555.05
        36.70        244.23         0.72       7555.77
        36.80        243.51         0.72       7556.49
        36.90        242.79         0.72       7557.21
        37.00        242.07         0.72       7557.93
        37.10        241.35         0.72       7558.65
        37.20        240.63         0.73       7559.37
        37.30        239.91         0.73       7560.09
        37.40        239.19         0.73       7560.81
        37.50        238.47         0.73       7561.53
        37.60        237.75         0.73       7562.25
        37.70        237.03         0.73       7562.97
        37.80        236.31         0.73       7563.69
        37.90        235.59         0.73       7564.41
        38.00        234.87         0.73       7565.13
        38.10        234.15         0.73       7565.85
        38.20        233.43         0.73       7566.57
        38.30        232.70         0.73       7567.30
        38.40        231.98         0.73       7568.02
        38.50        231.26         0.73       7568.74
        38.60        230.54         0.73       7569.46
        38.70        229.82         0.73       7570.18
        38.80        229.10         0.73       7570.90
        38.90        228.37         0.73       7571.63
        39.00        227.65         0.73       7572.35
        39.10        226.93         0.73       7573.07
        39.20        226.21         0.73       7573.79
        39.30        225.48         0.73       7574.52
        39.40        224.76         0.73       7575.24
        39.50        224.04         0.73       7575.96
        39.60        223.32         0.73       7576.68
        39.70        222.60         0.73       7577.40
        39.80        221.87         0.73       7578.13
        39.90        221.15         0.73       7578.85
        40.00        220.43         0.73       7579.57
        40.10        219.71         0.73       7580.29
        40.20        218.99         0.73       7581.01
        40.30        218.26         0.73       7581.74
        40.40        217.54         0.73       7582.46
        40.50        216.82         0.73       7583.18
        40.60        216.10         0.73       7583.90
1


 78Ni(p,p)78Ni @ 7800 MeV                                                       

        THLAB3      ELAB3      THLAB4      ELAB4

        40.70        215.38         0.73       7584.62
        40.80        214.66         0.73       7585.34
        40.90        213.93         0.73       7586.07
        41.00        213.21         0.73       7586.79
        41.10        212.49         0.73       7587.51
        41.20        211.77         0.73       7588.23
        41.30        211.05         0.73       7588.95
        41.40        210.33         0.73       7589.67
        41.50        209.61         0.73       7590.39
        41.60        208.89         0.73       7591.11
        41.70        208.17         0.73       7591.83
        41.80        207.45         0.73       7592.55
        41.90        206.73         0.73       7593.27
        42.00        206.01         0.73       7593.99
        42.10        205.29         0.73       7594.71
        42.20        204.57         0.73       7595.43
        42.30        203.86         0.73       7596.14
        42.40        203.14         0.73       7596.86
        42.50        202.42         0.73       7597.58
        42.60        201.70         0.73       7598.30
        42.70        200.98         0.73       7599.02
        42.80        200.27         0.73       7599.73
        42.90        199.55         0.73       7600.45
        43.00        198.83         0.73       7601.17
        43.10        198.12         0.73       7601.88
        43.20        197.40         0.73       7602.60
        43.30        196.69         0.73       7603.31
        43.40        195.97         0.73       7604.03
        43.50        195.26         0.73       7604.74
        43.60        194.54         0.73       7605.46
        43.70        193.83         0.73       7606.17
        43.80        193.12         0.73       7606.88
        43.90        192.40         0.73       7607.60
        44.00        191.69         0.73       7608.31
        44.10        190.98         0.73       7609.02
        44.20        190.26         0.73       7609.74
        44.30        189.55         0.73       7610.45
        44.40        188.84         0.73       7611.16
        44.50        188.13         0.73       7611.87
        44.60        187.42         0.73       7612.58
        44.70        186.71         0.73       7613.29
        44.80        186.00         0.73       7614.00
        44.90        185.29         0.73       7614.71
        45.00        184.58         0.73       7615.42
        45.10        183.88         0.73       7616.12
        45.20        183.17         0.73       7616.83
        45.30        182.46         0.73       7617.54
        45.40        181.76         0.73       7618.24
        45.50        181.05         0.73       7618.95
        45.60        180.34         0.73       7619.66
        45.70        179.64         0.73       7620.36
1


 78Ni(p,p)78Ni @ 7800 MeV                                                       

        THLAB3      ELAB3      THLAB4      ELAB4

        45.80        178.94         0.73       7621.06
        45.90        178.23         0.73       7621.77
        46.00        177.53         0.73       7622.47
        46.10        176.83         0.73       7623.17
        46.20        176.12         0.73       7623.88
        46.30        175.42         0.73       7624.58
        46.40        174.72         0.72       7625.28
        46.50        174.02         0.72       7625.98
        46.60        173.32         0.72       7626.68
        46.70        172.62         0.72       7627.38
        46.80        171.92         0.72       7628.08
        46.90        171.23         0.72       7628.77
        47.00        170.53         0.72       7629.47
        47.10        169.83         0.72       7630.17
        47.20        169.14         0.72       7630.86
        47.30        168.44         0.72       7631.56
        47.40        167.75         0.72       7632.25
        47.50        167.05         0.72       7632.95
        47.60        166.36         0.72       7633.64
        47.70        165.67         0.72       7634.33
        47.80        164.98         0.72       7635.02
        47.90        164.29         0.72       7635.71
        48.00        163.60         0.72       7636.40
        48.10        162.91         0.72       7637.09
        48.20        162.22         0.72       7637.78
        48.30        161.53         0.72       7638.47
        48.40        160.84         0.72       7639.16
        48.50        160.16         0.71       7639.84
        48.60        159.47         0.71       7640.53
        48.70        158.78         0.71       7641.22
        48.80        158.10         0.71       7641.90
        48.90        157.42         0.71       7642.58
        49.00        156.73         0.71       7643.27
        49.10        156.05         0.71       7643.95
        49.20        155.37         0.71       7644.63
        49.30        154.69         0.71       7645.31
        49.40        154.01         0.71       7645.99
        49.50        153.33         0.71       7646.67
        49.60        152.65         0.71       7647.35
        49.70        151.98         0.71       7648.02
        49.80        151.30         0.71       7648.70
        49.90        150.63         0.71       7649.37
        50.00        149.95         0.70       7650.05
        50.10        149.28         0.70       7650.72
        50.20        148.61         0.70       7651.39
        50.30        147.93         0.70       7652.07
        50.40        147.26         0.70       7652.74
        50.50        146.59         0.70       7653.41
        50.60        145.92         0.70       7654.08
        50.70        145.26         0.70       7654.74
        50.80        144.59         0.70       7655.41
1


 78Ni(p,p)78Ni @ 7800 MeV                                                       

        THLAB3      ELAB3      THLAB4      ELAB4

        50.90        143.92         0.70       7656.08
        51.00        143.26         0.70       7656.74
        51.10        142.59         0.70       7657.41
        51.20        141.93         0.70       7658.07
        51.30        141.27         0.70       7658.73
        51.40        140.60         0.69       7659.40
        51.50        139.94         0.69       7660.06
        51.60        139.28         0.69       7660.72
        51.70        138.62         0.69       7661.38
        51.80        137.97         0.69       7662.03
        51.90        137.31         0.69       7662.69
        52.00        136.65         0.69       7663.35
        52.10        136.00         0.69       7664.00
        52.20        135.35         0.69       7664.65
        52.30        134.69         0.69       7665.31
        52.40        134.04         0.69       7665.96
        52.50        133.39         0.68       7666.61
        52.60        132.74         0.68       7667.26
        52.70        132.09         0.68       7667.91
        52.80        131.44         0.68       7668.56
        52.90        130.80         0.68       7669.20
        53.00        130.15         0.68       7669.85
        53.10        129.51         0.68       7670.49
        53.20        128.86         0.68       7671.14
        53.30        128.22         0.68       7671.78
        53.40        127.58         0.68       7672.42
        53.50        126.94         0.68       7673.06
        53.60        126.30         0.67       7673.70
        53.70        125.66         0.67       7674.34
        53.80        125.03         0.67       7674.97
        53.90        124.39         0.67       7675.61
        54.00        123.76         0.67       7676.24
        54.10        123.12         0.67       7676.88
        54.20        122.49         0.67       7677.51
        54.30        121.86         0.67       7678.14
        54.40        121.23         0.67       7678.77
        54.50        120.60         0.67       7679.40
        54.60        119.97         0.66       7680.03
        54.70        119.34         0.66       7680.66
        54.80        118.72         0.66       7681.28
        54.90        118.10         0.66       7681.90
        55.00        117.47         0.66       7682.53
        55.10        116.85         0.66       7683.15
        55.20        116.23         0.66       7683.77
        55.30        115.61         0.66       7684.39
        55.40        114.99         0.66       7685.01
        55.50        114.37         0.65       7685.63
        55.60        113.76         0.65       7686.24
        55.70        113.14         0.65       7686.86
        55.80        112.53         0.65       7687.47
        55.90        111.92         0.65       7688.08
1


 78Ni(p,p)78Ni @ 7800 MeV                                                       

        THLAB3      ELAB3      THLAB4      ELAB4

        56.00        111.31         0.65       7688.69
        56.10        110.70         0.65       7689.30
        56.20        110.09         0.65       7689.91
        56.30        109.48         0.65       7690.52
        56.40        108.87         0.64       7691.13
        56.50        108.27         0.64       7691.73
        56.60        107.67         0.64       7692.33
        56.70        107.06         0.64       7692.94
        56.80        106.46         0.64       7693.54
        56.90        105.86         0.64       7694.14
        57.00        105.26         0.64       7694.74
        57.10        104.67         0.64       7695.33
        57.20        104.07         0.64       7695.93
        57.30        103.48         0.63       7696.52
        57.40        102.88         0.63       7697.12
        57.50        102.29         0.63       7697.71
        57.60        101.70         0.63       7698.30
        57.70        101.11         0.63       7698.89
        57.80        100.52         0.63       7699.48
        57.90         99.94         0.63       7700.06
        58.00         99.35         0.63       7700.65
        58.10         98.77         0.62       7701.23
        58.20         98.19         0.62       7701.81
        58.30         97.60         0.62       7702.40
        58.40         97.02         0.62       7702.98
        58.50         96.45         0.62       7703.55
        58.60         95.87         0.62       7704.13
        58.70         95.29         0.62       7704.71
        58.80         94.72         0.61       7705.28
        58.90         94.15         0.61       7705.85
        59.00         93.57         0.61       7706.43
        59.10         93.00         0.61       7707.00
        59.20         92.44         0.61       7707.56
        59.30         91.87         0.61       7708.13
        59.40         91.30         0.61       7708.70
        59.50         90.74         0.61       7709.26
        59.60         90.17         0.60       7709.83
        59.70         89.61         0.60       7710.39
        59.80         89.05         0.60       7710.95
        59.90         88.49         0.60       7711.51
        60.00         87.94         0.60       7712.06
        60.10         87.38         0.60       7712.62
        60.20         86.83         0.60       7713.17
        60.30         86.27         0.59       7713.73
        60.40         85.72         0.59       7714.28
        60.50         85.17         0.59       7714.83
        60.60         84.62         0.59       7715.38
        60.70         84.07         0.59       7715.93
        60.80         83.53         0.59       7716.47
        60.90         82.98         0.59       7717.02
        61.00         82.44         0.58       7717.56
1


 78Ni(p,p)78Ni @ 7800 MeV                                                       

        THLAB3      ELAB3      THLAB4      ELAB4

        61.10         81.90         0.58       7718.10
        61.20         81.36         0.58       7718.64
        61.30         80.82         0.58       7719.18
        61.40         80.28         0.58       7719.72
        61.50         79.75         0.58       7720.25
        61.60         79.22         0.58       7720.78
        61.70         78.68         0.57       7721.32
        61.80         78.15         0.57       7721.85
        61.90         77.62         0.57       7722.38
        62.00         77.09         0.57       7722.91
        62.10         76.57         0.57       7723.43
        62.20         76.04         0.57       7723.96
        62.30         75.52         0.56       7724.48
        62.40         75.00         0.56       7725.00
        62.50         74.48         0.56       7725.52
        62.60         73.96         0.56       7726.04
        62.70         73.44         0.56       7726.56
        62.80         72.93         0.56       7727.07
        62.90         72.41         0.56       7727.59
        63.00         71.90         0.55       7728.10
        63.10         71.39         0.55       7728.61
        63.20         70.88         0.55       7729.12
        63.30         70.37         0.55       7729.63
        63.40         69.87         0.55       7730.13
        63.50         69.36         0.55       7730.64
        63.60         68.86         0.54       7731.14
        63.70         68.36         0.54       7731.64
        63.80         67.86         0.54       7732.14
        63.90         67.36         0.54       7732.64
        64.00         66.86         0.54       7733.14
        64.10         66.37         0.54       7733.63
        64.20         65.88         0.53       7734.12
        64.30         65.38         0.53       7734.62
        64.40         64.89         0.53       7735.11
        64.50         64.41         0.53       7735.59
        64.60         63.92         0.53       7736.08
        64.70         63.43         0.53       7736.57
        64.80         62.95         0.52       7737.05
        64.90         62.47         0.52       7737.53
        65.00         61.99         0.52       7738.01
        65.10         61.51         0.52       7738.49
        65.20         61.03         0.52       7738.97
        65.30         60.56         0.52       7739.44
        65.40         60.08         0.51       7739.92
        65.50         59.61         0.51       7740.39
        65.60         59.14         0.51       7740.86
        65.70         58.67         0.51       7741.33
        65.80         58.21         0.51       7741.79
        65.90         57.74         0.51       7742.26
        66.00         57.28         0.50       7742.72
        66.10         56.81         0.50       7743.19
1


 78Ni(p,p)78Ni @ 7800 MeV                                                       

        THLAB3      ELAB3      THLAB4      ELAB4

        66.20         56.35         0.50       7743.65
        66.30         55.89         0.50       7744.11
        66.40         55.44         0.50       7744.56
        66.50         54.98         0.50       7745.02
        66.60         54.53         0.49       7745.47
        66.70         54.08         0.49       7745.92
        66.80         53.63         0.49       7746.37
        66.90         53.18         0.49       7746.82
        67.00         52.73         0.49       7747.27
        67.10         52.29         0.49       7747.71
        67.20         51.84         0.48       7748.16
        67.30         51.40         0.48       7748.60
        67.40         50.96         0.48       7749.04
        67.50         50.52         0.48       7749.48
        67.60         50.09         0.48       7749.91
        67.70         49.65         0.47       7750.35
        67.80         49.22         0.47       7750.78
        67.90         48.79         0.47       7751.21
        68.00         48.36         0.47       7751.64
        68.10         47.93         0.47       7752.07
        68.20         47.50         0.47       7752.50
        68.30         47.08         0.46       7752.92
        68.40         46.66         0.46       7753.34
        68.50         46.24         0.46       7753.76
        68.60         45.82         0.46       7754.18
        68.70         45.40         0.46       7754.60
        68.80         44.99         0.45       7755.01
        68.90         44.57         0.45       7755.43
        69.00         44.16         0.45       7755.84
        69.10         43.75         0.45       7756.25
        69.20         43.34         0.45       7756.66
        69.30         42.93         0.44       7757.07
        69.40         42.53         0.44       7757.47
        69.50         42.13         0.44       7757.87
        69.60         41.73         0.44       7758.27
        69.70         41.33         0.44       7758.67
        69.80         40.93         0.44       7759.07
        69.90         40.53         0.43       7759.47
        70.00         40.14         0.43       7759.86
        70.10         39.75         0.43       7760.25
        70.20         39.36         0.43       7760.64
        70.30         38.97         0.43       7761.03
        70.40         38.58         0.42       7761.42
        70.50         38.19         0.42       7761.81
        70.60         37.81         0.42       7762.19
        70.70         37.43         0.42       7762.57
        70.80         37.05         0.42       7762.95
        70.90         36.67         0.41       7763.33
        71.00         36.30         0.41       7763.70
        71.10         35.92         0.41       7764.08
        71.20         35.55         0.41       7764.45
1


 78Ni(p,p)78Ni @ 7800 MeV                                                       

        THLAB3      ELAB3      THLAB4      ELAB4

        71.30         35.18         0.41       7764.82
        71.40         34.81         0.40       7765.19
        71.50         34.44         0.40       7765.56
        71.60         34.08         0.40       7765.92
        71.70         33.71         0.40       7766.29
        71.80         33.35         0.40       7766.65
        71.90         32.99         0.40       7767.01
        72.00         32.64         0.39       7767.36
        72.10         32.28         0.39       7767.72
        72.20         31.93         0.39       7768.07
        72.30         31.57         0.39       7768.43
        72.40         31.22         0.39       7768.78
        72.50         30.88         0.38       7769.12
        72.60         30.53         0.38       7769.47
        72.70         30.18         0.38       7769.82
        72.80         29.84         0.38       7770.16
        72.90         29.50         0.38       7770.50
        73.00         29.16         0.37       7770.84
        73.10         28.82         0.37       7771.18
        73.20         28.49         0.37       7771.51
        73.30         28.16         0.37       7771.84
        73.40         27.82         0.37       7772.18
        73.50         27.49         0.36       7772.51
        73.60         27.17         0.36       7772.83
        73.70         26.84         0.36       7773.16
        73.80         26.52         0.36       7773.48
        73.90         26.19         0.35       7773.81
        74.00         25.87         0.35       7774.13
        74.10         25.56         0.35       7774.44
        74.20         25.24         0.35       7774.76
        74.30         24.92         0.35       7775.08
        74.40         24.61         0.34       7775.39
        74.50         24.30         0.34       7775.70
        74.60         23.99         0.34       7776.01
        74.70         23.68         0.34       7776.32
        74.80         23.38         0.34       7776.62
        74.90         23.08         0.33       7776.92
        75.00         22.78         0.33       7777.22
        75.10         22.48         0.33       7777.52
        75.20         22.18         0.33       7777.82
        75.30         21.88         0.33       7778.12
        75.40         21.59         0.32       7778.41
        75.50         21.30         0.32       7778.70
        75.60         21.01         0.32       7778.99
        75.70         20.72         0.32       7779.28
        75.80         20.43         0.32       7779.57
        75.90         20.15         0.31       7779.85
        76.00         19.87         0.31       7780.13
        76.10         19.59         0.31       7780.41
        76.20         19.31         0.31       7780.69
        76.30         19.03         0.31       7780.97
1


 78Ni(p,p)78Ni @ 7800 MeV                                                       

        THLAB3      ELAB3      THLAB4      ELAB4

        76.40         18.76         0.30       7781.24
        76.50         18.49         0.30       7781.51
        76.60         18.22         0.30       7781.78
        76.70         17.95         0.30       7782.05
        76.80         17.68         0.29       7782.32
        76.90         17.42         0.29       7782.58
        77.00         17.15         0.29       7782.85
        77.10         16.89         0.29       7783.11
        77.20         16.63         0.29       7783.37
        77.30         16.38         0.28       7783.62
        77.40         16.12         0.28       7783.88
        77.50         15.87         0.28       7784.13
        77.60         15.62         0.28       7784.38
        77.70         15.37         0.28       7784.63
        77.80         15.12         0.27       7784.88
        77.90         14.88         0.27       7785.12
        78.00         14.63         0.27       7785.37
        78.10         14.39         0.27       7785.61
        78.20         14.15         0.26       7785.85
        78.30         13.92         0.26       7786.08
        78.40         13.68         0.26       7786.32
        78.50         13.45         0.26       7786.55
        78.60         13.22         0.26       7786.78
        78.70         12.99         0.25       7787.01
        78.80         12.76         0.25       7787.24
        78.90         12.53         0.25       7787.47
        79.00         12.31         0.25       7787.69
        79.10         12.09         0.25       7787.91
        79.20         11.87         0.24       7788.13
        79.30         11.65         0.24       7788.35
        79.40         11.44         0.24       7788.56
        79.50         11.22         0.24       7788.78
        79.60         11.01         0.23       7788.99
        79.70         10.80         0.23       7789.20
        79.80         10.59         0.23       7789.41
        79.90         10.39         0.23       7789.61
        80.00         10.18         0.23       7789.82
        80.10          9.98         0.22       7790.02
        80.20          9.78         0.22       7790.22
        80.30          9.58         0.22       7790.42
        80.40          9.39         0.22       7790.61
        80.50          9.20         0.21       7790.80
        80.60          9.00         0.21       7791.00
        80.70          8.81         0.21       7791.19
        80.80          8.63         0.21       7791.37
        80.90          8.44         0.21       7791.56
        81.00          8.26         0.20       7791.74
        81.10          8.07         0.20       7791.93
        81.20          7.89         0.20       7792.11
        81.30          7.72         0.20       7792.28
        81.40          7.54         0.19       7792.46
1


 78Ni(p,p)78Ni @ 7800 MeV                                                       

        THLAB3      ELAB3      THLAB4      ELAB4

        81.50          7.37         0.19       7792.63
        81.60          7.20         0.19       7792.80
        81.70          7.03         0.19       7792.97
        81.80          6.86         0.19       7793.14
        81.90          6.69         0.18       7793.31
        82.00          6.53         0.18       7793.47
        82.10          6.37         0.18       7793.63
        82.20          6.21         0.18       7793.79
        82.30          6.05         0.17       7793.95
        82.40          5.89         0.17       7794.11
        82.50          5.74         0.17       7794.26
        82.60          5.59         0.17       7794.41
        82.70          5.44         0.17       7794.56
        82.80          5.29         0.16       7794.71
        82.90          5.15         0.16       7794.85
        83.00          5.00         0.16       7795.00
        83.10          4.86         0.16       7795.14
        83.20          4.72         0.15       7795.28
        83.30          4.58         0.15       7795.42
        83.40          4.45         0.15       7795.55
        83.50          4.31         0.15       7795.69
        83.60          4.18         0.15       7795.82
        83.70          4.05         0.14       7795.95
        83.80          3.93         0.14       7796.07
        83.90          3.80         0.14       7796.20
        84.00          3.68         0.14       7796.32
        84.10          3.56         0.13       7796.44
        84.20          3.44         0.13       7796.56
        84.30          3.32         0.13       7796.68
        84.40          3.20         0.13       7796.80
        84.50          3.09         0.13       7796.91
        84.60          2.98         0.12       7797.02
        84.70          2.87         0.12       7797.13
        84.80          2.76         0.12       7797.24
        84.90          2.66         0.12       7797.34
        85.00          2.55         0.11       7797.45
        85.10          2.45         0.11       7797.55
        85.20          2.35         0.11       7797.65
        85.30          2.26         0.11       7797.74
        85.40          2.16         0.10       7797.84
        85.50          2.07         0.10       7797.93
        85.60          1.98         0.10       7798.02
        85.70          1.89         0.10       7798.11
        85.80          1.80         0.10       7798.20
        85.90          1.72         0.09       7798.28
        86.00          1.64         0.09       7798.36
        86.10          1.56         0.09       7798.44
        86.20          1.48         0.09       7798.52
        86.30          1.40         0.08       7798.60
        86.40          1.33         0.08       7798.67
        86.50          1.25         0.08       7798.75
1


 78Ni(p,p)78Ni @ 7800 MeV                                                       

        THLAB3      ELAB3      THLAB4      ELAB4

        86.60          1.18         0.08       7798.82
        86.70          1.11         0.08       7798.89
        86.80          1.05         0.07       7798.95
        86.90          0.98         0.07       7799.02
        87.00          0.92         0.07       7799.08
        87.10          0.86         0.07       7799.14
        87.20          0.80         0.06       7799.20
        87.30          0.75         0.06       7799.25
        87.40          0.69         0.06       7799.31
        87.50          0.64         0.06       7799.36
        87.60          0.59         0.05       7799.41
        87.70          0.54         0.05       7799.46
        87.80          0.50         0.05       7799.50
        87.90          0.45         0.05       7799.55
        88.00          0.41         0.05       7799.59
        88.10          0.37         0.04       7799.63
        88.20          0.33         0.04       7799.67
        88.30          0.30         0.04       7799.70
        88.40          0.26         0.04       7799.74
        88.50          0.23         0.03       7799.77
        88.60          0.20         0.03       7799.80
        88.70          0.17         0.03       7799.83
        88.80          0.15         0.03       7799.85
        88.90          0.12         0.03       7799.88
        89.00          0.10         0.02       7799.90
        89.10          0.08         0.02       7799.92
        89.20          0.07         0.02       7799.93
        89.30          0.05         0.02       7799.95
        89.40          0.04         0.01       7799.96
        89.50          0.03         0.01       7799.97
        89.60          0.02         0.01       7799.98
        89.70          0.01         0.01       7799.99
        89.80          0.00         0.00       7800.00
        89.90          0.00         0.00       7800.00
