         0.00         55.57         0.00        714.09
         0.10         55.57         0.00        714.09
         0.20         55.57         0.01        714.09
         0.30         55.57         0.01        714.09
         0.40         55.57         0.01        714.09
         0.50         55.56         0.02        714.09
         0.60         55.56         0.02        714.09
         0.70         55.56         0.02        714.09
         0.80         55.56         0.03        714.10
         0.90         55.56         0.03        714.10
         1.00         55.55         0.03        714.10
         1.10         55.55         0.04        714.10
         1.20         55.55         0.04        714.11
         1.30         55.55         0.04        714.11
         1.40         55.54         0.04        714.11
         1.50         55.54         0.05        714.12
         1.60         55.54         0.05        714.12
         1.70         55.53         0.05        714.12
         1.80         55.53         0.06        714.13
         1.90         55.52         0.06        714.13
         2.00         55.52         0.06        714.14
         2.10         55.51         0.07        714.14
         2.20         55.51         0.07        714.15
         2.30         55.50         0.07        714.15
         2.40         55.50         0.08        714.16
         2.50         55.49         0.08        714.17
         2.60         55.48         0.08        714.17
         2.70         55.48         0.09        714.18
         2.80         55.47         0.09        714.19
         2.90         55.46         0.09        714.19
         3.00         55.46         0.10        714.20
         3.10         55.45         0.10        714.21
         3.20         55.44         0.10        714.21
         3.30         55.43         0.11        714.22
         3.40         55.42         0.11        714.23
         3.50         55.42         0.11        714.24
         3.60         55.41         0.11        714.25
         3.70         55.40         0.12        714.26
         3.80         55.39         0.12        714.27
         3.90         55.38         0.12        714.28
         4.00         55.37         0.13        714.29
         4.10         55.36         0.13        714.30
         4.20         55.35         0.13        714.31
         4.30         55.34         0.14        714.32
         4.40         55.33         0.14        714.33
         4.50         55.32         0.14        714.34
         4.60         55.31         0.15        714.35
         4.70         55.30         0.15        714.36
         4.80         55.28         0.15        714.37
         4.90         55.27         0.16        714.38
         5.00         55.26         0.16        714.40
         5.10         55.25         0.16        714.41
         5.20         55.23         0.17        714.42
         5.30         55.22         0.17        714.43
         5.40         55.21         0.17        714.45
         5.50         55.20         0.17        714.46
         5.60         55.18         0.18        714.47
         5.70         55.17         0.18        714.49
         5.80         55.15         0.18        714.50
         5.90         55.14         0.19        714.52
         6.00         55.12         0.19        714.53
         6.10         55.11         0.19        714.55
         6.20         55.09         0.20        714.56
         6.30         55.08         0.20        714.58
         6.40         55.06         0.20        714.59
         6.50         55.05         0.21        714.61
         6.60         55.03         0.21        714.62
         6.70         55.02         0.21        714.64
         6.80         55.00         0.22        714.66
         6.90         54.98         0.22        714.67
         7.00         54.97         0.22        714.69
         7.10         54.95         0.23        714.71
         7.20         54.93         0.23        714.72
         7.30         54.91         0.23        714.74
         7.40         54.90         0.23        714.76
         7.50         54.88         0.24        714.78
         7.60         54.86         0.24        714.80
         7.70         54.84         0.24        714.82
         7.80         54.82         0.25        714.83
         7.90         54.80         0.25        714.85
         8.00         54.78         0.25        714.87
         8.10         54.76         0.26        714.89
         8.20         54.74         0.26        714.91
         8.30         54.72         0.26        714.93
         8.40         54.70         0.27        714.95
         8.50         54.68         0.27        714.97
         8.60         54.66         0.27        714.99
         8.70         54.64         0.27        715.02
         8.80         54.62         0.28        715.04
         8.90         54.60         0.28        715.06
         9.00         54.58         0.28        715.08
         9.10         54.55         0.29        715.10
         9.20         54.53         0.29        715.12
         9.30         54.51         0.29        715.15
         9.40         54.49         0.30        715.17
         9.50         54.46         0.30        715.19
         9.60         54.44         0.30        715.21
         9.70         54.42         0.31        715.24
         9.80         54.39         0.31        715.26
         9.90         54.37         0.31        715.29
        10.00         54.35         0.31        715.31
        10.10         54.32         0.32        715.33
        10.20         54.30         0.32        715.36
        10.30         54.27         0.32        715.38
        10.40         54.25         0.33        715.41
        10.50         54.22         0.33        715.43
        10.60         54.20         0.33        715.46
        10.70         54.17         0.34        715.48
        10.80         54.15         0.34        715.51
        10.90         54.12         0.34        715.54
        11.00         54.09         0.34        715.56
        11.10         54.07         0.35        715.59
        11.20         54.04         0.35        715.62
        11.30         54.01         0.35        715.64
        11.40         53.99         0.36        715.67
        11.50         53.96         0.36        715.70
        11.60         53.93         0.36        715.73
        11.70         53.90         0.37        715.75
        11.80         53.87         0.37        715.78
        11.90         53.85         0.37        715.81
        12.00         53.82         0.37        715.84
        12.10         53.79         0.38        715.87
        12.20         53.76         0.38        715.90
        12.30         53.73         0.38        715.93
        12.40         53.70         0.39        715.96
        12.50         53.67         0.39        715.99
        12.60         53.64         0.39        716.02
        12.70         53.61         0.39        716.05
        12.80         53.58         0.40        716.08
        12.90         53.55         0.40        716.11
        13.00         53.52         0.40        716.14
        13.10         53.49         0.41        716.17
        13.20         53.46         0.41        716.20
        13.30         53.42         0.41        716.23
        13.40         53.39         0.42        716.26
        13.50         53.36         0.42        716.30
        13.60         53.33         0.42        716.33
        13.70         53.30         0.42        716.36
        13.80         53.26         0.43        716.39
        13.90         53.23         0.43        716.43
        14.00         53.20         0.43        716.46
        14.10         53.16         0.44        716.49
        14.20         53.13         0.44        716.52
        14.30         53.10         0.44        716.56
        14.40         53.06         0.44        716.59
        14.50         53.03         0.45        716.63
        14.60         52.99         0.45        716.66
        14.70         52.96         0.45        716.70
        14.80         52.93         0.46        716.73
        14.90         52.89         0.46        716.77
        15.00         52.86         0.46        716.80
        15.10         52.82         0.46        716.84
        15.20         52.78         0.47        716.87
        15.30         52.75         0.47        716.91
        15.40         52.71         0.47        716.94
        15.50         52.68         0.48        716.98
        15.60         52.64         0.48        717.02
        15.70         52.60         0.48        717.05
        15.80         52.57         0.48        717.09
        15.90         52.53         0.49        717.13
        16.00         52.49         0.49        717.16
        16.10         52.45         0.49        717.20
        16.20         52.42         0.49        717.24
        16.30         52.38         0.50        717.28
        16.40         52.34         0.50        717.32
        16.50         52.30         0.50        717.35
        16.60         52.26         0.51        717.39
        16.70         52.22         0.51        717.43
        16.80         52.18         0.51        717.47
        16.90         52.15         0.51        717.51
        17.00         52.11         0.52        717.55
        17.10         52.07         0.52        717.59
        17.20         52.03         0.52        717.63
        17.30         51.99         0.53        717.67
        17.40         51.95         0.53        717.71
        17.50         51.91         0.53        717.75
        17.60         51.87         0.53        717.79
        17.70         51.82         0.54        717.83
        17.80         51.78         0.54        717.87
        17.90         51.74         0.54        717.91
        18.00         51.70         0.54        717.96
        18.10         51.66         0.55        718.00
        18.20         51.62         0.55        718.04
        18.30         51.58         0.55        718.08
        18.40         51.53         0.55        718.12
        18.50         51.49         0.56        718.17
        18.60         51.45         0.56        718.21
        18.70         51.41         0.56        718.25
        18.80         51.36         0.57        718.29
        18.90         51.32         0.57        718.34
        19.00         51.28         0.57        718.38
        19.10         51.23         0.57        718.42
        19.20         51.19         0.58        718.47
        19.30         51.14         0.58        718.51
        19.40         51.10         0.58        718.56
        19.50         51.06         0.58        718.60
        19.60         51.01         0.59        718.65
        19.70         50.97         0.59        718.69
        19.80         50.92         0.59        718.73
        19.90         50.88         0.59        718.78
        20.00         50.83         0.60        718.83
        20.10         50.78         0.60        718.87
        20.20         50.74         0.60        718.92
        20.30         50.69         0.60        718.96
        20.40         50.65         0.61        719.01
        20.50         50.60         0.61        719.05
        20.60         50.55         0.61        719.10
        20.70         50.51         0.61        719.15
        20.80         50.46         0.62        719.19
        20.90         50.41         0.62        719.24
        21.00         50.37         0.62        719.29
        21.10         50.32         0.62        719.34
        21.20         50.27         0.63        719.38
        21.30         50.22         0.63        719.43
        21.40         50.18         0.63        719.48
        21.50         50.13         0.63        719.53
        21.60         50.08         0.64        719.58
        21.70         50.03         0.64        719.62
        21.80         49.98         0.64        719.67
        21.90         49.93         0.64        719.72
        22.00         49.88         0.65        719.77
        22.10         49.84         0.65        719.82
        22.20         49.79         0.65        719.87
        22.30         49.74         0.65        719.92
        22.40         49.69         0.66        719.97
        22.50         49.64         0.66        720.02
        22.60         49.59         0.66        720.07
        22.70         49.54         0.66        720.12
        22.80         49.49         0.67        720.17
        22.90         49.43         0.67        720.22
        23.00         49.38         0.67        720.27
        23.10         49.33         0.67        720.32
        23.20         49.28         0.68        720.37
        23.30         49.23         0.68        720.43
        23.40         49.18         0.68        720.48
        23.50         49.13         0.68        720.53
        23.60         49.08         0.68        720.58
        23.70         49.02         0.69        720.63
        23.80         48.97         0.69        720.68
        23.90         48.92         0.69        720.74
        24.00         48.87         0.69        720.79
        24.10         48.81         0.70        720.84
        24.20         48.76         0.70        720.89
        24.30         48.71         0.70        720.95
        24.40         48.65         0.70        721.00
        24.50         48.60         0.71        721.05
        24.60         48.55         0.71        721.11
        24.70         48.49         0.71        721.16
        24.80         48.44         0.71        721.22
        24.90         48.39         0.71        721.27
        25.00         48.33         0.72        721.32
        25.10         48.28         0.72        721.38
        25.20         48.22         0.72        721.43
        25.30         48.17         0.72        721.49
        25.40         48.11         0.73        721.54
        25.50         48.06         0.73        721.60
        25.60         48.00         0.73        721.65
        25.70         47.95         0.73        721.71
        25.80         47.89         0.73        721.76
        25.90         47.84         0.74        721.82
        26.00         47.78         0.74        721.87
        26.10         47.73         0.74        721.93
        26.20         47.67         0.74        721.99
        26.30         47.61         0.75        722.04
        26.40         47.56         0.75        722.10
        26.50         47.50         0.75        722.15
        26.60         47.44         0.75        722.21
        26.70         47.39         0.75        722.27
        26.80         47.33         0.76        722.32
        26.90         47.27         0.76        722.38
        27.00         47.22         0.76        722.44
        27.10         47.16         0.76        722.50
        27.20         47.10         0.76        722.55
        27.30         47.04         0.77        722.61
        27.40         46.99         0.77        722.67
        27.50         46.93         0.77        722.73
        27.60         46.87         0.77        722.79
        27.70         46.81         0.78        722.84
        27.80         46.75         0.78        722.90
        27.90         46.70         0.78        722.96
        28.00         46.64         0.78        723.02
        28.10         46.58         0.78        723.08
        28.20         46.52         0.79        723.14
        28.30         46.46         0.79        723.20
        28.40         46.40         0.79        723.26
        28.50         46.34         0.79        723.31
        28.60         46.28         0.79        723.37
        28.70         46.22         0.80        723.43
        28.80         46.16         0.80        723.49
        28.90         46.10         0.80        723.55
        29.00         46.04         0.80        723.61
        29.10         45.98         0.80        723.67
        29.20         45.92         0.81        723.73
        29.30         45.86         0.81        723.79
        29.40         45.80         0.81        723.86
        29.50         45.74         0.81        723.92
        29.60         45.68         0.81        723.98
        29.70         45.62         0.81        724.04
        29.80         45.56         0.82        724.10
        29.90         45.50         0.82        724.16
        30.00         45.43         0.82        724.22
        30.10         45.37         0.82        724.28
        30.20         45.31         0.82        724.34
        30.30         45.25         0.83        724.41
        30.40         45.19         0.83        724.47
        30.50         45.13         0.83        724.53
        30.60         45.06         0.83        724.59
        30.70         45.00         0.83        724.65
        30.80         44.94         0.84        724.72
        30.90         44.88         0.84        724.78
        31.00         44.81         0.84        724.84
        31.10         44.75         0.84        724.91
        31.20         44.69         0.84        724.97
        31.30         44.63         0.84        725.03
        31.40         44.56         0.85        725.09
        31.50         44.50         0.85        725.16
        31.60         44.44         0.85        725.22
        31.70         44.37         0.85        725.28
        31.80         44.31         0.85        725.35
        31.90         44.24         0.85        725.41
        32.00         44.18         0.86        725.47
        32.10         44.12         0.86        725.54
        32.20         44.05         0.86        725.60
        32.30         43.99         0.86        725.67
        32.40         43.92         0.86        725.73
        32.50         43.86         0.86        725.80
        32.60         43.80         0.87        725.86
        32.70         43.73         0.87        725.92
        32.80         43.67         0.87        725.99
        32.90         43.60         0.87        726.05
        33.00         43.54         0.87        726.12
        33.10         43.47         0.87        726.18
        33.20         43.41         0.88        726.25
        33.30         43.34         0.88        726.31
        33.40         43.28         0.88        726.38
        33.50         43.21         0.88        726.44
        33.60         43.15         0.88        726.51
        33.70         43.08         0.88        726.58
        33.80         43.01         0.89        726.64
        33.90         42.95         0.89        726.71
        34.00         42.88         0.89        726.77
        34.10         42.82         0.89        726.84
        34.20         42.75         0.89        726.91
        34.30         42.68         0.89        726.97
        34.40         42.62         0.90        727.04
        34.50         42.55         0.90        727.10
        34.60         42.49         0.90        727.17
        34.70         42.42         0.90        727.24
        34.80         42.35         0.90        727.30
        34.90         42.29         0.90        727.37
        35.00         42.22         0.90        727.44
        35.10         42.15         0.91        727.50
        35.20         42.08         0.91        727.57
        35.30         42.02         0.91        727.64
        35.40         41.95         0.91        727.71
        35.50         41.88         0.91        727.77
        35.60         41.82         0.91        727.84
        35.70         41.75         0.91        727.91
        35.80         41.68         0.92        727.98
        35.90         41.61         0.92        728.04
        36.00         41.54         0.92        728.11
        36.10         41.48         0.92        728.18
        36.20         41.41         0.92        728.25
        36.30         41.34         0.92        728.31
        36.40         41.27         0.92        728.38
        36.50         41.20         0.93        728.45
        36.60         41.14         0.93        728.52
        36.70         41.07         0.93        728.59
        36.80         41.00         0.93        728.66
        36.90         40.93         0.93        728.72
        37.00         40.86         0.93        728.79
        37.10         40.79         0.93        728.86
        37.20         40.73         0.93        728.93
        37.30         40.66         0.94        729.00
        37.40         40.59         0.94        729.07
        37.50         40.52         0.94        729.14
        37.60         40.45         0.94        729.21
        37.70         40.38         0.94        729.27
        37.80         40.31         0.94        729.34
        37.90         40.24         0.94        729.41
        38.00         40.17         0.95        729.48
        38.10         40.10         0.95        729.55
        38.20         40.03         0.95        729.62
        38.30         39.97         0.95        729.69
        38.40         39.90         0.95        729.76
        38.50         39.83         0.95        729.83
        38.60         39.76         0.95        729.90
        38.70         39.69         0.95        729.97
        38.80         39.62         0.95        730.04
        38.90         39.55         0.96        730.11
        39.00         39.48         0.96        730.18
        39.10         39.41         0.96        730.25
        39.20         39.34         0.96        730.32
        39.30         39.27         0.96        730.39
        39.40         39.20         0.96        730.46
        39.50         39.13         0.96        730.53
        39.60         39.06         0.96        730.60
        39.70         38.99         0.96        730.67
        39.80         38.92         0.97        730.74
        39.90         38.85         0.97        730.81
        40.00         38.77         0.97        730.88
        40.10         38.70         0.97        730.95
        40.20         38.63         0.97        731.02
        40.30         38.56         0.97        731.09
        40.40         38.49         0.97        731.16
        40.50         38.42         0.97        731.23
        40.60         38.35         0.97        731.31
        40.70         38.28         0.98        731.38
        40.80         38.21         0.98        731.45
        40.90         38.14         0.98        731.52
        41.00         38.07         0.98        731.59
        41.10         38.00         0.98        731.66
        41.20         37.92         0.98        731.73
        41.30         37.85         0.98        731.80
        41.40         37.78         0.98        731.87
        41.50         37.71         0.98        731.95
        41.60         37.64         0.98        732.02
        41.70         37.57         0.99        732.09
        41.80         37.50         0.99        732.16
        41.90         37.43         0.99        732.23
        42.00         37.35         0.99        732.30
        42.10         37.28         0.99        732.37
        42.20         37.21         0.99        732.44
        42.30         37.14         0.99        732.52
        42.40         37.07         0.99        732.59
        42.50         37.00         0.99        732.66
        42.60         36.92         0.99        732.73
        42.70         36.85         0.99        732.80
        42.80         36.78         0.99        732.87
        42.90         36.71         1.00        732.95
        43.00         36.64         1.00        733.02
        43.10         36.57         1.00        733.09
        43.20         36.49         1.00        733.16
        43.30         36.42         1.00        733.23
        43.40         36.35         1.00        733.31
        43.50         36.28         1.00        733.38
        43.60         36.21         1.00        733.45
        43.70         36.13         1.00        733.52
        43.80         36.06         1.00        733.59
        43.90         35.99         1.00        733.67
        44.00         35.92         1.00        733.74
        44.10         35.85         1.00        733.81
        44.20         35.77         1.01        733.88
        44.30         35.70         1.01        733.95
        44.40         35.63         1.01        734.03
        44.50         35.56         1.01        734.10
        44.60         35.48         1.01        734.17
        44.70         35.41         1.01        734.24
        44.80         35.34         1.01        734.32
        44.90         35.27         1.01        734.39
        45.00         35.20         1.01        734.46
        45.10         35.12         1.01        734.53
        45.20         35.05         1.01        734.60
        45.30         34.98         1.01        734.68
        45.40         34.91         1.01        734.75
        45.50         34.83         1.01        734.82
        45.60         34.76         1.01        734.89
        45.70         34.69         1.02        734.97
        45.80         34.62         1.02        735.04
        45.90         34.54         1.02        735.11
        46.00         34.47         1.02        735.18
        46.10         34.40         1.02        735.26
        46.20         34.33         1.02        735.33
        46.30         34.25         1.02        735.40
        46.40         34.18         1.02        735.47
        46.50         34.11         1.02        735.55
        46.60         34.04         1.02        735.62
        46.70         33.96         1.02        735.69
        46.80         33.89         1.02        735.76
        46.90         33.82         1.02        735.84
        47.00         33.75         1.02        735.91
        47.10         33.67         1.02        735.98
        47.20         33.60         1.02        736.05
        47.30         33.53         1.02        736.13
        47.40         33.46         1.02        736.20
        47.50         33.38         1.03        736.27
        47.60         33.31         1.03        736.34
        47.70         33.24         1.03        736.42
        47.80         33.17         1.03        736.49
        47.90         33.09         1.03        736.56
        48.00         33.02         1.03        736.63
        48.10         32.95         1.03        736.71
        48.20         32.88         1.03        736.78
        48.30         32.80         1.03        736.85
        48.40         32.73         1.03        736.92
        48.50         32.66         1.03        737.00
        48.60         32.59         1.03        737.07
        48.70         32.51         1.03        737.14
        48.80         32.44         1.03        737.21
        48.90         32.37         1.03        737.29
        49.00         32.30         1.03        737.36
        49.10         32.22         1.03        737.43
        49.20         32.15         1.03        737.50
        49.30         32.08         1.03        737.58
        49.40         32.01         1.03        737.65
        49.50         31.94         1.03        737.72
        49.60         31.86         1.03        737.79
        49.70         31.79         1.03        737.87
        49.80         31.72         1.03        737.94
        49.90         31.65         1.03        738.01
        50.00         31.57         1.03        738.08
        50.10         31.50         1.03        738.15
        50.20         31.43         1.03        738.23
        50.30         31.36         1.03        738.30
        50.40         31.29         1.03        738.37
        50.50         31.21         1.04        738.44
        50.60         31.14         1.04        738.52
        50.70         31.07         1.04        738.59
        50.80         31.00         1.04        738.66
        50.90         30.92         1.04        738.73
        51.00         30.85         1.04        738.80
        51.10         30.78         1.04        738.88
        51.20         30.71         1.04        738.95
        51.30         30.64         1.04        739.02
        51.40         30.56         1.04        739.09
        51.50         30.49         1.04        739.16
        51.60         30.42         1.04        739.24
        51.70         30.35         1.04        739.31
        51.80         30.28         1.04        739.38
        51.90         30.20         1.04        739.45
        52.00         30.13         1.04        739.52
        52.10         30.06         1.04        739.59
        52.20         29.99         1.04        739.67
        52.30         29.92         1.04        739.74
        52.40         29.85         1.04        739.81
        52.50         29.77         1.04        739.88
        52.60         29.70         1.04        739.95
        52.70         29.63         1.04        740.02
        52.80         29.56         1.04        740.10
        52.90         29.49         1.04        740.17
        53.00         29.42         1.04        740.24
        53.10         29.35         1.04        740.31
        53.20         29.27         1.04        740.38
        53.30         29.20         1.04        740.45
        53.40         29.13         1.04        740.52
        53.50         29.06         1.04        740.60
        53.60         28.99         1.04        740.67
        53.70         28.92         1.04        740.74
        53.80         28.85         1.04        740.81
        53.90         28.78         1.04        740.88
        54.00         28.71         1.04        740.95
        54.10         28.63         1.04        741.02
        54.20         28.56         1.04        741.09
        54.30         28.49         1.04        741.16
        54.40         28.42         1.04        741.23
        54.50         28.35         1.04        741.31
        54.60         28.28         1.04        741.38
        54.70         28.21         1.04        741.45
        54.80         28.14         1.04        741.52
        54.90         28.07         1.04        741.59
        55.00         28.00         1.04        741.66
        55.10         27.93         1.04        741.73
        55.20         27.86         1.04        741.80
        55.30         27.79         1.04        741.87
        55.40         27.72         1.04        741.94
        55.50         27.65         1.04        742.01
        55.60         27.58         1.04        742.08
        55.70         27.50         1.04        742.15
        55.80         27.43         1.04        742.22
        55.90         27.36         1.04        742.29
        56.00         27.29         1.04        742.36
        56.10         27.22         1.04        742.43
        56.20         27.15         1.04        742.50
        56.30         27.09         1.04        742.57
        56.40         27.02         1.04        742.64
        56.50         26.95         1.04        742.71
        56.60         26.88         1.04        742.78
        56.70         26.81         1.03        742.85
        56.80         26.74         1.03        742.92
        56.90         26.67         1.03        742.99
        57.00         26.60         1.03        743.06
        57.10         26.53         1.03        743.13
        57.20         26.46         1.03        743.20
        57.30         26.39         1.03        743.27
        57.40         26.32         1.03        743.34
        57.50         26.25         1.03        743.40
        57.60         26.18         1.03        743.47
        57.70         26.11         1.03        743.54
        57.80         26.04         1.03        743.61
        57.90         25.98         1.03        743.68
        58.00         25.91         1.03        743.75
        58.10         25.84         1.03        743.82
        58.20         25.77         1.03        743.89
        58.30         25.70         1.03        743.95
        58.40         25.63         1.03        744.02
        58.50         25.56         1.03        744.09
        58.60         25.50         1.03        744.16
        58.70         25.43         1.03        744.23
        58.80         25.36         1.03        744.30
        58.90         25.29         1.03        744.36
        59.00         25.22         1.03        744.43
        59.10         25.15         1.03        744.50
        59.20         25.09         1.03        744.57
        59.30         25.02         1.03        744.64
        59.40         24.95         1.03        744.70
        59.50         24.88         1.03        744.77
        59.60         24.82         1.03        744.84
        59.70         24.75         1.03        744.91
        59.80         24.68         1.02        744.97
        59.90         24.61         1.02        745.04
        60.00         24.55         1.02        745.11
        60.10         24.48         1.02        745.18
        60.20         24.41         1.02        745.24
        60.30         24.34         1.02        745.31
        60.40         24.28         1.02        745.38
        60.50         24.21         1.02        745.45
        60.60         24.14         1.02        745.51
        60.70         24.08         1.02        745.58
        60.80         24.01         1.02        745.65
        60.90         23.94         1.02        745.71
        61.00         23.88         1.02        745.78
        61.10         23.81         1.02        745.84
        61.20         23.74         1.02        745.91
        61.30         23.68         1.02        745.98
        61.40         23.61         1.02        746.04
        61.50         23.55         1.02        746.11
        61.60         23.48         1.02        746.18
        61.70         23.41         1.02        746.24
        61.80         23.35         1.02        746.31
        61.90         23.28         1.01        746.37
        62.00         23.22         1.01        746.44
        62.10         23.15         1.01        746.50
        62.20         23.09         1.01        746.57
        62.30         23.02         1.01        746.64
        62.40         22.96         1.01        746.70
        62.50         22.89         1.01        746.77
        62.60         22.82         1.01        746.83
        62.70         22.76         1.01        746.90
        62.80         22.69         1.01        746.96
        62.90         22.63         1.01        747.03
        63.00         22.57         1.01        747.09
        63.10         22.50         1.01        747.16
        63.20         22.44         1.01        747.22
        63.30         22.37         1.01        747.28
        63.40         22.31         1.01        747.35
        63.50         22.24         1.00        747.41
        63.60         22.18         1.00        747.48
        63.70         22.11         1.00        747.54
        63.80         22.05         1.00        747.61
        63.90         21.99         1.00        747.67
        64.00         21.92         1.00        747.73
        64.10         21.86         1.00        747.80
        64.20         21.80         1.00        747.86
        64.30         21.73         1.00        747.92
        64.40         21.67         1.00        747.99
        64.50         21.60         1.00        748.05
        64.60         21.54         1.00        748.11
        64.70         21.48         1.00        748.18
        64.80         21.42         1.00        748.24
        64.90         21.35         1.00        748.30
        65.00         21.29         0.99        748.37
        65.10         21.23         0.99        748.43
        65.20         21.16         0.99        748.49
        65.30         21.10         0.99        748.55
        65.40         21.04         0.99        748.62
        65.50         20.98         0.99        748.68
        65.60         20.91         0.99        748.74
        65.70         20.85         0.99        748.80
        65.80         20.79         0.99        748.87
        65.90         20.73         0.99        748.93
        66.00         20.67         0.99        748.99
        66.10         20.61         0.99        749.05
        66.20         20.54         0.99        749.11
        66.30         20.48         0.99        749.17
        66.40         20.42         0.98        749.24
        66.50         20.36         0.98        749.30
        66.60         20.30         0.98        749.36
        66.70         20.24         0.98        749.42
        66.80         20.18         0.98        749.48
        66.90         20.12         0.98        749.54
        67.00         20.05         0.98        749.60
        67.10         19.99         0.98        749.66
        67.20         19.93         0.98        749.72
        67.30         19.87         0.98        749.78
        67.40         19.81         0.98        749.84
        67.50         19.75         0.98        749.90
        67.60         19.69         0.97        749.96
        67.70         19.63         0.97        750.02
        67.80         19.57         0.97        750.08
        67.90         19.51         0.97        750.14
        68.00         19.45         0.97        750.20
        68.10         19.39         0.97        750.26
        68.20         19.33         0.97        750.32
        68.30         19.27         0.97        750.38
        68.40         19.22         0.97        750.44
        68.50         19.16         0.97        750.50
        68.60         19.10         0.97        750.56
        68.70         19.04         0.97        750.62
        68.80         18.98         0.96        750.68
        68.90         18.92         0.96        750.73
        69.00         18.86         0.96        750.79
        69.10         18.80         0.96        750.85
        69.20         18.75         0.96        750.91
        69.30         18.69         0.96        750.97
        69.40         18.63         0.96        751.03
        69.50         18.57         0.96        751.08
        69.60         18.51         0.96        751.14
        69.70         18.46         0.96        751.20
        69.80         18.40         0.96        751.26
        69.90         18.34         0.95        751.32
        70.00         18.28         0.95        751.37
        70.10         18.23         0.95        751.43
        70.20         18.17         0.95        751.49
        70.30         18.11         0.95        751.54
        70.40         18.05         0.95        751.60
        70.50         18.00         0.95        751.66
        70.60         17.94         0.95        751.71
        70.70         17.88         0.95        751.77
        70.80         17.83         0.95        751.83
        70.90         17.77         0.94        751.88
        71.00         17.72         0.94        751.94
        71.10         17.66         0.94        752.00
        71.20         17.60         0.94        752.05
        71.30         17.55         0.94        752.11
        71.40         17.49         0.94        752.16
        71.50         17.44         0.94        752.22
        71.60         17.38         0.94        752.28
        71.70         17.33         0.94        752.33
        71.80         17.27         0.94        752.39
        71.90         17.21         0.93        752.44
        72.00         17.16         0.93        752.50
        72.10         17.10         0.93        752.55
        72.20         17.05         0.93        752.61
        72.30         17.00         0.93        752.66
        72.40         16.94         0.93        752.71
        72.50         16.89         0.93        752.77
        72.60         16.83         0.93        752.82
        72.70         16.78         0.93        752.88
        72.80         16.72         0.93        752.93
        72.90         16.67         0.92        752.99
        73.00         16.62         0.92        753.04
        73.10         16.56         0.92        753.09
        73.20         16.51         0.92        753.15
        73.30         16.46         0.92        753.20
        73.40         16.40         0.92        753.25
        73.50         16.35         0.92        753.31
        73.60         16.30         0.92        753.36
        73.70         16.24         0.92        753.41
        73.80         16.19         0.91        753.47
        73.90         16.14         0.91        753.52
        74.00         16.08         0.91        753.57
        74.10         16.03         0.91        753.62
        74.20         15.98         0.91        753.68
        74.30         15.93         0.91        753.73
        74.40         15.88         0.91        753.78
        74.50         15.82         0.91        753.83
        74.60         15.77         0.91        753.88
        74.70         15.72         0.91        753.94
        74.80         15.67         0.90        753.99
        74.90         15.62         0.90        754.04
        75.00         15.57         0.90        754.09
        75.10         15.51         0.90        754.14
        75.20         15.46         0.90        754.19
        75.30         15.41         0.90        754.24
        75.40         15.36         0.90        754.29
        75.50         15.31         0.90        754.34
        75.60         15.26         0.90        754.40
        75.70         15.21         0.89        754.45
        75.80         15.16         0.89        754.50
        75.90         15.11         0.89        754.55
        76.00         15.06         0.89        754.60
        76.10         15.01         0.89        754.65
        76.20         14.96         0.89        754.70
        76.30         14.91         0.89        754.75
        76.40         14.86         0.89        754.80
        76.50         14.81         0.88        754.84
        76.60         14.76         0.88        754.89
        76.70         14.71         0.88        754.94
        76.80         14.66         0.88        754.99
        76.90         14.61         0.88        755.04
        77.00         14.57         0.88        755.09
        77.10         14.52         0.88        755.14
        77.20         14.47         0.88        755.19
        77.30         14.42         0.88        755.24
        77.40         14.37         0.87        755.28
        77.50         14.32         0.87        755.33
        77.60         14.28         0.87        755.38
        77.70         14.23         0.87        755.43
        77.80         14.18         0.87        755.48
        77.90         14.13         0.87        755.52
        78.00         14.08         0.87        755.57
        78.10         14.04         0.87        755.62
        78.20         13.99         0.87        755.67
        78.30         13.94         0.86        755.71
        78.40         13.90         0.86        755.76
        78.50         13.85         0.86        755.81
        78.60         13.80         0.86        755.85
        78.70         13.76         0.86        755.90
        78.80         13.71         0.86        755.95
        78.90         13.66         0.86        755.99
        79.00         13.62         0.86        756.04
        79.10         13.57         0.85        756.09
        79.20         13.52         0.85        756.13
        79.30         13.48         0.85        756.18
        79.40         13.43         0.85        756.22
        79.50         13.39         0.85        756.27
        79.60         13.34         0.85        756.31
        79.70         13.30         0.85        756.36
        79.80         13.25         0.85        756.41
        79.90         13.21         0.84        756.45
        80.00         13.16         0.84        756.50
        80.10         13.12         0.84        756.54
        80.20         13.07         0.84        756.58
        80.30         13.03         0.84        756.63
        80.40         12.98         0.84        756.67
        80.50         12.94         0.84        756.72
        80.60         12.89         0.84        756.76
        80.70         12.85         0.83        756.81
        80.80         12.81         0.83        756.85
        80.90         12.76         0.83        756.89
        81.00         12.72         0.83        756.94
        81.10         12.67         0.83        756.98
        81.20         12.63         0.83        757.03
        81.30         12.59         0.83        757.07
        81.40         12.54         0.83        757.11
        81.50         12.50         0.83        757.15
        81.60         12.46         0.82        757.20
        81.70         12.42         0.82        757.24
        81.80         12.37         0.82        757.28
        81.90         12.33         0.82        757.33
        82.00         12.29         0.82        757.37
        82.10         12.25         0.82        757.41
        82.20         12.20         0.82        757.45
        82.30         12.16         0.82        757.49
        82.40         12.12         0.81        757.54
        82.50         12.08         0.81        757.58
        82.60         12.04         0.81        757.62
        82.70         11.99         0.81        757.66
        82.80         11.95         0.81        757.70
        82.90         11.91         0.81        757.74
        83.00         11.87         0.81        757.79
        83.10         11.83         0.81        757.83
        83.20         11.79         0.80        757.87
        83.30         11.75         0.80        757.91
        83.40         11.71         0.80        757.95
        83.50         11.67         0.80        757.99
        83.60         11.63         0.80        758.03
        83.70         11.59         0.80        758.07
        83.80         11.55         0.80        758.11
        83.90         11.51         0.80        758.15
        84.00         11.47         0.79        758.19
        84.10         11.43         0.79        758.23
        84.20         11.39         0.79        758.27
        84.30         11.35         0.79        758.31
        84.40         11.31         0.79        758.35
        84.50         11.27         0.79        758.39
        84.60         11.23         0.79        758.43
        84.70         11.19         0.78        758.47
        84.80         11.15         0.78        758.51
        84.90         11.11         0.78        758.54
        85.00         11.07         0.78        758.58
        85.10         11.03         0.78        758.62
        85.20         11.00         0.78        758.66
        85.30         10.96         0.78        758.70
        85.40         10.92         0.78        758.74
        85.50         10.88         0.77        758.77
        85.60         10.84         0.77        758.81
        85.70         10.81         0.77        758.85
        85.80         10.77         0.77        758.89
        85.90         10.73         0.77        758.93
        86.00         10.69         0.77        758.96
        86.10         10.66         0.77        759.00
        86.20         10.62         0.77        759.04
        86.30         10.58         0.76        759.07
        86.40         10.54         0.76        759.11
        86.50         10.51         0.76        759.15
        86.60         10.47         0.76        759.19
        86.70         10.43         0.76        759.22
        86.80         10.40         0.76        759.26
        86.90         10.36         0.76        759.29
        87.00         10.33         0.76        759.33
        87.10         10.29         0.75        759.37
        87.20         10.25         0.75        759.40
        87.30         10.22         0.75        759.44
        87.40         10.18         0.75        759.47
        87.50         10.15         0.75        759.51
        87.60         10.11         0.75        759.55
        87.70         10.07         0.75        759.58
        87.80         10.04         0.75        759.62
        87.90         10.00         0.74        759.65
        88.00          9.97         0.74        759.69
        88.10          9.93         0.74        759.72
        88.20          9.90         0.74        759.76
        88.30          9.87         0.74        759.79
        88.40          9.83         0.74        759.83
        88.50          9.80         0.74        759.86
        88.60          9.76         0.74        759.89
        88.70          9.73         0.73        759.93
        88.80          9.69         0.73        759.96
        88.90          9.66         0.73        760.00
        89.00          9.63         0.73        760.03
        89.10          9.59         0.73        760.06
        89.20          9.56         0.73        760.10
        89.30          9.52         0.73        760.13
        89.40          9.49         0.72        760.16
        89.50          9.46         0.72        760.20
        89.60          9.43         0.72        760.23
        89.70          9.39         0.72        760.26
        89.80          9.36         0.72        760.30
        89.90          9.33         0.72        760.33
        90.00          9.29         0.72        760.36
        90.10          9.26         0.72        760.39
        90.20          9.23         0.71        760.43
        90.30          9.20         0.71        760.46
        90.40          9.16         0.71        760.49
        90.50          9.13         0.71        760.52
        90.60          9.10         0.71        760.56
        90.70          9.07         0.71        760.59
        90.80          9.04         0.71        760.62
        90.90          9.00         0.71        760.65
        91.00          8.97         0.70        760.68
        91.10          8.94         0.70        760.71
        91.20          8.91         0.70        760.75
        91.30          8.88         0.70        760.78
        91.40          8.85         0.70        760.81
        91.50          8.82         0.70        760.84
        91.60          8.79         0.70        760.87
        91.70          8.76         0.70        760.90
        91.80          8.72         0.69        760.93
        91.90          8.69         0.69        760.96
        92.00          8.66         0.69        760.99
        92.10          8.63         0.69        761.02
        92.20          8.60         0.69        761.05
        92.30          8.57         0.69        761.08
        92.40          8.54         0.69        761.11
        92.50          8.51         0.69        761.14
        92.60          8.48         0.68        761.17
        92.70          8.45         0.68        761.20
        92.80          8.42         0.68        761.23
        92.90          8.39         0.68        761.26
        93.00          8.37         0.68        761.29
        93.10          8.34         0.68        761.32
        93.20          8.31         0.68        761.35
        93.30          8.28         0.68        761.38
        93.40          8.25         0.67        761.41
        93.50          8.22         0.67        761.44
        93.60          8.19         0.67        761.46
        93.70          8.16         0.67        761.49
        93.80          8.13         0.67        761.52
        93.90          8.11         0.67        761.55
        94.00          8.08         0.67        761.58
        94.10          8.05         0.66        761.61
        94.20          8.02         0.66        761.63
        94.30          7.99         0.66        761.66
        94.40          7.97         0.66        761.69
        94.50          7.94         0.66        761.72
        94.60          7.91         0.66        761.75
        94.70          7.88         0.66        761.77
        94.80          7.86         0.66        761.80
        94.90          7.83         0.65        761.83
        95.00          7.80         0.65        761.85
        95.10          7.77         0.65        761.88
        95.20          7.75         0.65        761.91
        95.30          7.72         0.65        761.94
        95.40          7.69         0.65        761.96
        95.50          7.67         0.65        761.99
        95.60          7.64         0.65        762.02
        95.70          7.61         0.64        762.04
        95.80          7.59         0.64        762.07
        95.90          7.56         0.64        762.09
        96.00          7.53         0.64        762.12
        96.10          7.51         0.64        762.15
        96.20          7.48         0.64        762.17
        96.30          7.46         0.64        762.20
        96.40          7.43         0.64        762.22
        96.50          7.41         0.63        762.25
        96.60          7.38         0.63        762.28
        96.70          7.35         0.63        762.30
        96.80          7.33         0.63        762.33
        96.90          7.30         0.63        762.35
        97.00          7.28         0.63        762.38
        97.10          7.25         0.63        762.40
        97.20          7.23         0.63        762.43
        97.30          7.20         0.63        762.45
        97.40          7.18         0.62        762.48
        97.50          7.15         0.62        762.50
        97.60          7.13         0.62        762.53
        97.70          7.10         0.62        762.55
        97.80          7.08         0.62        762.58
        97.90          7.06         0.62        762.60
        98.00          7.03         0.62        762.62
        98.10          7.01         0.62        762.65
        98.20          6.98         0.61        762.67
        98.30          6.96         0.61        762.70
        98.40          6.94         0.61        762.72
        98.50          6.91         0.61        762.74
        98.60          6.89         0.61        762.77
        98.70          6.86         0.61        762.79
        98.80          6.84         0.61        762.81
        98.90          6.82         0.61        762.84
        99.00          6.79         0.60        762.86
        99.10          6.77         0.60        762.88
        99.20          6.75         0.60        762.91
        99.30          6.73         0.60        762.93
        99.40          6.70         0.60        762.95
        99.50          6.68         0.60        762.98
        99.60          6.66         0.60        763.00
        99.70          6.63         0.60        763.02
        99.80          6.61         0.59        763.04
        99.90          6.59         0.59        763.07
       100.00          6.57         0.59        763.09
       100.10          6.54         0.59        763.11
       100.20          6.52         0.59        763.13
       100.30          6.50         0.59        763.16
       100.40          6.48         0.59        763.18
       100.50          6.46         0.59        763.20
       100.60          6.43         0.58        763.22
       100.70          6.41         0.58        763.24
       100.80          6.39         0.58        763.26
       100.90          6.37         0.58        763.29
       101.00          6.35         0.58        763.31
       101.10          6.33         0.58        763.33
       101.20          6.31         0.58        763.35
       101.30          6.28         0.58        763.37
       101.40          6.26         0.58        763.39
       101.50          6.24         0.57        763.41
       101.60          6.22         0.57        763.44
       101.70          6.20         0.57        763.46
       101.80          6.18         0.57        763.48
       101.90          6.16         0.57        763.50
       102.00          6.14         0.57        763.52
       102.10          6.12         0.57        763.54
       102.20          6.10         0.57        763.56
       102.30          6.08         0.56        763.58
       102.40          6.06         0.56        763.60
       102.50          6.04         0.56        763.62
       102.60          6.02         0.56        763.64
       102.70          6.00         0.56        763.66
       102.80          5.98         0.56        763.68
       102.90          5.96         0.56        763.70
       103.00          5.94         0.56        763.72
       103.10          5.92         0.56        763.74
       103.20          5.90         0.55        763.76
       103.30          5.88         0.55        763.78
       103.40          5.86         0.55        763.80
       103.50          5.84         0.55        763.82
       103.60          5.82         0.55        763.84
       103.70          5.80         0.55        763.86
       103.80          5.78         0.55        763.88
       103.90          5.76         0.55        763.89
       104.00          5.74         0.55        763.91
       104.10          5.72         0.54        763.93
       104.20          5.70         0.54        763.95
       104.30          5.69         0.54        763.97
       104.40          5.67         0.54        763.99
       104.50          5.65         0.54        764.01
       104.60          5.63         0.54        764.03
       104.70          5.61         0.54        764.04
       104.80          5.59         0.54        764.06
       104.90          5.57         0.53        764.08
       105.00          5.56         0.53        764.10
       105.10          5.54         0.53        764.12
       105.20          5.52         0.53        764.14
       105.30          5.50         0.53        764.15
       105.40          5.48         0.53        764.17
       105.50          5.47         0.53        764.19
       105.60          5.45         0.53        764.21
       105.70          5.43         0.53        764.23
       105.80          5.41         0.52        764.24
       105.90          5.40         0.52        764.26
       106.00          5.38         0.52        764.28
       106.10          5.36         0.52        764.30
       106.20          5.34         0.52        764.31
       106.30          5.33         0.52        764.33
       106.40          5.31         0.52        764.35
       106.50          5.29         0.52        764.36
       106.60          5.27         0.52        764.38
       106.70          5.26         0.51        764.40
       106.80          5.24         0.51        764.42
       106.90          5.22         0.51        764.43
       107.00          5.21         0.51        764.45
       107.10          5.19         0.51        764.47
       107.20          5.17         0.51        764.48
       107.30          5.16         0.51        764.50
       107.40          5.14         0.51        764.52
       107.50          5.12         0.51        764.53
       107.60          5.11         0.50        764.55
       107.70          5.09         0.50        764.56
       107.80          5.08         0.50        764.58
       107.90          5.06         0.50        764.60
       108.00          5.04         0.50        764.61
       108.10          5.03         0.50        764.63
       108.20          5.01         0.50        764.64
       108.30          5.00         0.50        764.66
       108.40          4.98         0.50        764.68
       108.50          4.96         0.50        764.69
       108.60          4.95         0.49        764.71
       108.70          4.93         0.49        764.72
       108.80          4.92         0.49        764.74
       108.90          4.90         0.49        764.75
       109.00          4.89         0.49        764.77
       109.10          4.87         0.49        764.79
       109.20          4.86         0.49        764.80
       109.30          4.84         0.49        764.82
       109.40          4.82         0.49        764.83
       109.50          4.81         0.48        764.85
       109.60          4.79         0.48        764.86
       109.70          4.78         0.48        764.88
       109.80          4.76         0.48        764.89
       109.90          4.75         0.48        764.91
       110.00          4.74         0.48        764.92
       110.10          4.72         0.48        764.94
       110.20          4.71         0.48        764.95
       110.30          4.69         0.48        764.96
       110.40          4.68         0.47        764.98
       110.50          4.66         0.47        764.99
       110.60          4.65         0.47        765.01
       110.70          4.63         0.47        765.02
       110.80          4.62         0.47        765.04
       110.90          4.60         0.47        765.05
       111.00          4.59         0.47        765.07
       111.10          4.58         0.47        765.08
       111.20          4.56         0.47        765.09
       111.30          4.55         0.47        765.11
       111.40          4.53         0.46        765.12
       111.50          4.52         0.46        765.13
       111.60          4.51         0.46        765.15
       111.70          4.49         0.46        765.16
       111.80          4.48         0.46        765.18
       111.90          4.47         0.46        765.19
       112.00          4.45         0.46        765.20
       112.10          4.44         0.46        765.22
       112.20          4.43         0.46        765.23
       112.30          4.41         0.46        765.24
       112.40          4.40         0.45        765.26
       112.50          4.39         0.45        765.27
       112.60          4.37         0.45        765.28
       112.70          4.36         0.45        765.30
       112.80          4.35         0.45        765.31
       112.90          4.33         0.45        765.32
       113.00          4.32         0.45        765.34
       113.10          4.31         0.45        765.35
       113.20          4.29         0.45        765.36
       113.30          4.28         0.44        765.37
       113.40          4.27         0.44        765.39
       113.50          4.26         0.44        765.40
       113.60          4.24         0.44        765.41
       113.70          4.23         0.44        765.43
       113.80          4.22         0.44        765.44
       113.90          4.21         0.44        765.45
       114.00          4.19         0.44        765.46
       114.10          4.18         0.44        765.48
       114.20          4.17         0.44        765.49
       114.30          4.16         0.44        765.50
       114.40          4.14         0.43        765.51
       114.50          4.13         0.43        765.52
       114.60          4.12         0.43        765.54
       114.70          4.11         0.43        765.55
       114.80          4.10         0.43        765.56
       114.90          4.08         0.43        765.57
       115.00          4.07         0.43        765.58
       115.10          4.06         0.43        765.60
       115.20          4.05         0.43        765.61
       115.30          4.04         0.43        765.62
       115.40          4.02         0.42        765.63
       115.50          4.01         0.42        765.64
       115.60          4.00         0.42        765.65
       115.70          3.99         0.42        765.67
       115.80          3.98         0.42        765.68
       115.90          3.97         0.42        765.69
       116.00          3.96         0.42        765.70
       116.10          3.94         0.42        765.71
       116.20          3.93         0.42        765.72
       116.30          3.92         0.42        765.73
       116.40          3.91         0.41        765.75
       116.50          3.90         0.41        765.76
       116.60          3.89         0.41        765.77
       116.70          3.88         0.41        765.78
       116.80          3.87         0.41        765.79
       116.90          3.85         0.41        765.80
       117.00          3.84         0.41        765.81
       117.10          3.83         0.41        765.82
       117.20          3.82         0.41        765.83
       117.30          3.81         0.41        765.84
       117.40          3.80         0.41        765.86
       117.50          3.79         0.40        765.87
       117.60          3.78         0.40        765.88
       117.70          3.77         0.40        765.89
       117.80          3.76         0.40        765.90
       117.90          3.75         0.40        765.91
       118.00          3.74         0.40        765.92
       118.10          3.73         0.40        765.93
       118.20          3.72         0.40        765.94
       118.30          3.71         0.40        765.95
       118.40          3.70         0.40        765.96
       118.50          3.69         0.39        765.97
       118.60          3.67         0.39        765.98
       118.70          3.66         0.39        765.99
       118.80          3.65         0.39        766.00
       118.90          3.64         0.39        766.01
       119.00          3.63         0.39        766.02
       119.10          3.62         0.39        766.03
       119.20          3.61         0.39        766.04
       119.30          3.60         0.39        766.05
       119.40          3.59         0.39        766.06
       119.50          3.58         0.39        766.07
       119.60          3.58         0.38        766.08
       119.70          3.57         0.38        766.09
       119.80          3.56         0.38        766.10
       119.90          3.55         0.38        766.11
       120.00          3.54         0.38        766.12
       120.10          3.53         0.38        766.13
       120.20          3.52         0.38        766.14
       120.30          3.51         0.38        766.15
       120.40          3.50         0.38        766.16
       120.50          3.49         0.38        766.17
       120.60          3.48         0.38        766.18
       120.70          3.47         0.37        766.19
       120.80          3.46         0.37        766.19
       120.90          3.45         0.37        766.20
       121.00          3.44         0.37        766.21
       121.10          3.43         0.37        766.22
       121.20          3.42         0.37        766.23
       121.30          3.42         0.37        766.24
       121.40          3.41         0.37        766.25
       121.50          3.40         0.37        766.26
       121.60          3.39         0.37        766.27
       121.70          3.38         0.37        766.28
       121.80          3.37         0.37        766.29
       121.90          3.36         0.36        766.29
       122.00          3.35         0.36        766.30
       122.10          3.34         0.36        766.31
       122.20          3.34         0.36        766.32
       122.30          3.33         0.36        766.33
       122.40          3.32         0.36        766.34
       122.50          3.31         0.36        766.35
       122.60          3.30         0.36        766.36
       122.70          3.29         0.36        766.36
       122.80          3.28         0.36        766.37
       122.90          3.28         0.36        766.38
       123.00          3.27         0.35        766.39
       123.10          3.26         0.35        766.40
       123.20          3.25         0.35        766.41
       123.30          3.24         0.35        766.41
       123.40          3.23         0.35        766.42
       123.50          3.23         0.35        766.43
       123.60          3.22         0.35        766.44
       123.70          3.21         0.35        766.45
       123.80          3.20         0.35        766.46
       123.90          3.19         0.35        766.46
       124.00          3.18         0.35        766.47
       124.10          3.18         0.35        766.48
       124.20          3.17         0.34        766.49
       124.30          3.16         0.34        766.50
       124.40          3.15         0.34        766.50
       124.50          3.14         0.34        766.51
       124.60          3.14         0.34        766.52
       124.70          3.13         0.34        766.53
       124.80          3.12         0.34        766.53
       124.90          3.11         0.34        766.54
       125.00          3.11         0.34        766.55
       125.10          3.10         0.34        766.56
       125.20          3.09         0.34        766.57
       125.30          3.08         0.34        766.57
       125.40          3.07         0.33        766.58
       125.50          3.07         0.33        766.59
       125.60          3.06         0.33        766.60
       125.70          3.05         0.33        766.60
       125.80          3.04         0.33        766.61
       125.90          3.04         0.33        766.62
       126.00          3.03         0.33        766.63
       126.10          3.02         0.33        766.63
       126.20          3.02         0.33        766.64
       126.30          3.01         0.33        766.65
       126.40          3.00         0.33        766.66
       126.50          2.99         0.33        766.66
       126.60          2.99         0.32        766.67
       126.70          2.98         0.32        766.68
       126.80          2.97         0.32        766.68
       126.90          2.96         0.32        766.69
       127.00          2.96         0.32        766.70
       127.10          2.95         0.32        766.71
       127.20          2.94         0.32        766.71
       127.30          2.94         0.32        766.72
       127.40          2.93         0.32        766.73
       127.50          2.92         0.32        766.73
       127.60          2.92         0.32        766.74
       127.70          2.91         0.32        766.75
       127.80          2.90         0.31        766.75
       127.90          2.90         0.31        766.76
       128.00          2.89         0.31        766.77
       128.10          2.88         0.31        766.77
       128.20          2.87         0.31        766.78
       128.30          2.87         0.31        766.79
       128.40          2.86         0.31        766.79
       128.50          2.85         0.31        766.80
       128.60          2.85         0.31        766.81
       128.70          2.84         0.31        766.81
       128.80          2.83         0.31        766.82
       128.90          2.83         0.31        766.83
       129.00          2.82         0.31        766.83
       129.10          2.82         0.30        766.84
       129.20          2.81         0.30        766.85
       129.30          2.80         0.30        766.85
       129.40          2.80         0.30        766.86
       129.50          2.79         0.30        766.87
       129.60          2.78         0.30        766.87
       129.70          2.78         0.30        766.88
       129.80          2.77         0.30        766.88
       129.90          2.76         0.30        766.89
       130.00          2.76         0.30        766.90
       130.10          2.75         0.30        766.90
       130.20          2.75         0.30        766.91
       130.30          2.74         0.30        766.92
       130.40          2.73         0.29        766.92
       130.50          2.73         0.29        766.93
       130.60          2.72         0.29        766.93
       130.70          2.72         0.29        766.94
       130.80          2.71         0.29        766.95
       130.90          2.70         0.29        766.95
       131.00          2.70         0.29        766.96
       131.10          2.69         0.29        766.96
       131.20          2.69         0.29        766.97
       131.30          2.68         0.29        766.98
       131.40          2.67         0.29        766.98
       131.50          2.67         0.29        766.99
       131.60          2.66         0.29        766.99
       131.70          2.66         0.28        767.00
       131.80          2.65         0.28        767.01
       131.90          2.64         0.28        767.01
       132.00          2.64         0.28        767.02
       132.10          2.63         0.28        767.02
       132.20          2.63         0.28        767.03
       132.30          2.62         0.28        767.03
       132.40          2.62         0.28        767.04
       132.50          2.61         0.28        767.04
       132.60          2.61         0.28        767.05
       132.70          2.60         0.28        767.06
       132.80          2.59         0.28        767.06
       132.90          2.59         0.28        767.07
       133.00          2.58         0.27        767.07
       133.10          2.58         0.27        767.08
       133.20          2.57         0.27        767.08
       133.30          2.57         0.27        767.09
       133.40          2.56         0.27        767.09
       133.50          2.56         0.27        767.10
       133.60          2.55         0.27        767.10
       133.70          2.55         0.27        767.11
       133.80          2.54         0.27        767.12
       133.90          2.54         0.27        767.12
       134.00          2.53         0.27        767.13
       134.10          2.52         0.27        767.13
       134.20          2.52         0.27        767.14
       134.30          2.51         0.27        767.14
       134.40          2.51         0.26        767.15
       134.50          2.50         0.26        767.15
       134.60          2.50         0.26        767.16
       134.70          2.49         0.26        767.16
       134.80          2.49         0.26        767.17
       134.90          2.48         0.26        767.17
       135.00          2.48         0.26        767.18
       135.10          2.47         0.26        767.18
       135.20          2.47         0.26        767.19
       135.30          2.46         0.26        767.19
       135.40          2.46         0.26        767.20
       135.50          2.45         0.26        767.20
       135.60          2.45         0.26        767.21
       135.70          2.44         0.26        767.21
       135.80          2.44         0.25        767.22
       135.90          2.43         0.25        767.22
       136.00          2.43         0.25        767.23
       136.10          2.43         0.25        767.23
       136.20          2.42         0.25        767.24
       136.30          2.42         0.25        767.24
       136.40          2.41         0.25        767.24
       136.50          2.41         0.25        767.25
       136.60          2.40         0.25        767.25
       136.70          2.40         0.25        767.26
       136.80          2.39         0.25        767.26
       136.90          2.39         0.25        767.27
       137.00          2.38         0.25        767.27
       137.10          2.38         0.25        767.28
       137.20          2.37         0.24        767.28
       137.30          2.37         0.24        767.29
       137.40          2.36         0.24        767.29
       137.50          2.36         0.24        767.30
       137.60          2.36         0.24        767.30
       137.70          2.35         0.24        767.30
       137.80          2.35         0.24        767.31
       137.90          2.34         0.24        767.31
       138.00          2.34         0.24        767.32
       138.10          2.33         0.24        767.32
       138.20          2.33         0.24        767.33
       138.30          2.33         0.24        767.33
       138.40          2.32         0.24        767.34
       138.50          2.32         0.24        767.34
       138.60          2.31         0.24        767.34
       138.70          2.31         0.23        767.35
       138.80          2.30         0.23        767.35
       138.90          2.30         0.23        767.36
       139.00          2.30         0.23        767.36
       139.10          2.29         0.23        767.36
       139.20          2.29         0.23        767.37
       139.30          2.28         0.23        767.37
       139.40          2.28         0.23        767.38
       139.50          2.27         0.23        767.38
       139.60          2.27         0.23        767.39
       139.70          2.27         0.23        767.39
       139.80          2.26         0.23        767.39
       139.90          2.26         0.23        767.40
       140.00          2.25         0.23        767.40
       140.10          2.25         0.22        767.41
       140.20          2.25         0.22        767.41
       140.30          2.24         0.22        767.41
       140.40          2.24         0.22        767.42
       140.50          2.23         0.22        767.42
       140.60          2.23         0.22        767.43
       140.70          2.23         0.22        767.43
       140.80          2.22         0.22        767.43
       140.90          2.22         0.22        767.44
       141.00          2.21         0.22        767.44
       141.10          2.21         0.22        767.44
       141.20          2.21         0.22        767.45
       141.30          2.20         0.22        767.45
       141.40          2.20         0.22        767.46
       141.50          2.20         0.22        767.46
       141.60          2.19         0.21        767.46
       141.70          2.19         0.21        767.47
       141.80          2.18         0.21        767.47
       141.90          2.18         0.21        767.48
       142.00          2.18         0.21        767.48
       142.10          2.17         0.21        767.48
       142.20          2.17         0.21        767.49
       142.30          2.17         0.21        767.49
       142.40          2.16         0.21        767.49
       142.50          2.16         0.21        767.50
       142.60          2.16         0.21        767.50
       142.70          2.15         0.21        767.50
       142.80          2.15         0.21        767.51
       142.90          2.14         0.21        767.51
       143.00          2.14         0.21        767.51
       143.10          2.14         0.21        767.52
       143.20          2.13         0.20        767.52
       143.30          2.13         0.20        767.53
       143.40          2.13         0.20        767.53
       143.50          2.12         0.20        767.53
       143.60          2.12         0.20        767.54
       143.70          2.12         0.20        767.54
       143.80          2.11         0.20        767.54
       143.90          2.11         0.20        767.55
       144.00          2.11         0.20        767.55
       144.10          2.10         0.20        767.55
       144.20          2.10         0.20        767.56
       144.30          2.10         0.20        767.56
       144.40          2.09         0.20        767.56
       144.50          2.09         0.20        767.57
       144.60          2.09         0.20        767.57
       144.70          2.08         0.19        767.57
       144.80          2.08         0.19        767.58
       144.90          2.08         0.19        767.58
       145.00          2.07         0.19        767.58
       145.10          2.07         0.19        767.59
       145.20          2.07         0.19        767.59
       145.30          2.06         0.19        767.59
       145.40          2.06         0.19        767.59
       145.50          2.06         0.19        767.60
       145.60          2.05         0.19        767.60
       145.70          2.05         0.19        767.60
       145.80          2.05         0.19        767.61
       145.90          2.05         0.19        767.61
       146.00          2.04         0.19        767.61
       146.10          2.04         0.19        767.62
       146.20          2.04         0.19        767.62
       146.30          2.03         0.18        767.62
       146.40          2.03         0.18        767.63
       146.50          2.03         0.18        767.63
       146.60          2.02         0.18        767.63
       146.70          2.02         0.18        767.63
       146.80          2.02         0.18        767.64
       146.90          2.02         0.18        767.64
       147.00          2.01         0.18        767.64
       147.10          2.01         0.18        767.65
       147.20          2.01         0.18        767.65
       147.30          2.00         0.18        767.65
       147.40          2.00         0.18        767.66
       147.50          2.00         0.18        767.66
       147.60          1.99         0.18        767.66
       147.70          1.99         0.18        767.66
       147.80          1.99         0.18        767.67
       147.90          1.99         0.17        767.67
       148.00          1.98         0.17        767.67
       148.10          1.98         0.17        767.68
       148.20          1.98         0.17        767.68
       148.30          1.98         0.17        767.68
       148.40          1.97         0.17        767.68
       148.50          1.97         0.17        767.69
       148.60          1.97         0.17        767.69
       148.70          1.96         0.17        767.69
       148.80          1.96         0.17        767.69
       148.90          1.96         0.17        767.70
       149.00          1.96         0.17        767.70
       149.10          1.95         0.17        767.70
       149.20          1.95         0.17        767.70
       149.30          1.95         0.17        767.71
       149.40          1.95         0.17        767.71
       149.50          1.94         0.17        767.71
       149.60          1.94         0.16        767.72
       149.70          1.94         0.16        767.72
       149.80          1.94         0.16        767.72
       149.90          1.93         0.16        767.72
       150.00          1.93         0.16        767.73
       150.10          1.93         0.16        767.73
       150.20          1.93         0.16        767.73
       150.30          1.92         0.16        767.73
       150.40          1.92         0.16        767.74
       150.50          1.92         0.16        767.74
       150.60          1.91         0.16        767.74
       150.70          1.91         0.16        767.74
       150.80          1.91         0.16        767.75
       150.90          1.91         0.16        767.75
       151.00          1.91         0.16        767.75
       151.10          1.90         0.16        767.75
       151.20          1.90         0.16        767.76
       151.30          1.90         0.15        767.76
       151.40          1.90         0.15        767.76
       151.50          1.89         0.15        767.76
       151.60          1.89         0.15        767.77
       151.70          1.89         0.15        767.77
       151.80          1.89         0.15        767.77
       151.90          1.88         0.15        767.77
       152.00          1.88         0.15        767.77
       152.10          1.88         0.15        767.78
       152.20          1.88         0.15        767.78
       152.30          1.87         0.15        767.78
       152.40          1.87         0.15        767.78
       152.50          1.87         0.15        767.79
       152.60          1.87         0.15        767.79
       152.70          1.87         0.15        767.79
       152.80          1.86         0.15        767.79
       152.90          1.86         0.15        767.79
       153.00          1.86         0.14        767.80
       153.10          1.86         0.14        767.80
       153.20          1.85         0.14        767.80
       153.30          1.85         0.14        767.80
       153.40          1.85         0.14        767.81
       153.50          1.85         0.14        767.81
       153.60          1.85         0.14        767.81
       153.70          1.84         0.14        767.81
       153.80          1.84         0.14        767.81
       153.90          1.84         0.14        767.82
       154.00          1.84         0.14        767.82
       154.10          1.84         0.14        767.82
       154.20          1.83         0.14        767.82
       154.30          1.83         0.14        767.82
       154.40          1.83         0.14        767.83
       154.50          1.83         0.14        767.83
       154.60          1.83         0.14        767.83
       154.70          1.82         0.13        767.83
       154.80          1.82         0.13        767.83
       154.90          1.82         0.13        767.84
       155.00          1.82         0.13        767.84
       155.10          1.81         0.13        767.84
       155.20          1.81         0.13        767.84
       155.30          1.81         0.13        767.84
       155.40          1.81         0.13        767.85
       155.50          1.81         0.13        767.85
       155.60          1.81         0.13        767.85
       155.70          1.80         0.13        767.85
       155.80          1.80         0.13        767.85
       155.90          1.80         0.13        767.86
       156.00          1.80         0.13        767.86
       156.10          1.80         0.13        767.86
       156.20          1.79         0.13        767.86
       156.30          1.79         0.13        767.86
       156.40          1.79         0.13        767.87
       156.50          1.79         0.12        767.87
       156.60          1.79         0.12        767.87
       156.70          1.78         0.12        767.87
       156.80          1.78         0.12        767.87
       156.90          1.78         0.12        767.87
       157.00          1.78         0.12        767.88
       157.10          1.78         0.12        767.88
       157.20          1.78         0.12        767.88
       157.30          1.77         0.12        767.88
       157.40          1.77         0.12        767.88
       157.50          1.77         0.12        767.89
       157.60          1.77         0.12        767.89
       157.70          1.77         0.12        767.89
       157.80          1.77         0.12        767.89
       157.90          1.76         0.12        767.89
       158.00          1.76         0.12        767.89
       158.10          1.76         0.12        767.90
       158.20          1.76         0.12        767.90
       158.30          1.76         0.11        767.90
       158.40          1.76         0.11        767.90
       158.50          1.75         0.11        767.90
       158.60          1.75         0.11        767.90
       158.70          1.75         0.11        767.91
       158.80          1.75         0.11        767.91
       158.90          1.75         0.11        767.91
       159.00          1.75         0.11        767.91
       159.10          1.74         0.11        767.91
       159.20          1.74         0.11        767.91
       159.30          1.74         0.11        767.92
       159.40          1.74         0.11        767.92
       159.50          1.74         0.11        767.92
       159.60          1.74         0.11        767.92
       159.70          1.73         0.11        767.92
       159.80          1.73         0.11        767.92
       159.90          1.73         0.11        767.92
       160.00          1.73         0.11        767.93
       160.10          1.73         0.10        767.93
       160.20          1.73         0.10        767.93
       160.30          1.73         0.10        767.93
       160.40          1.72         0.10        767.93
       160.50          1.72         0.10        767.93
       160.60          1.72         0.10        767.93
       160.70          1.72         0.10        767.94
       160.80          1.72         0.10        767.94
       160.90          1.72         0.10        767.94
       161.00          1.72         0.10        767.94
       161.10          1.71         0.10        767.94
       161.20          1.71         0.10        767.94
       161.30          1.71         0.10        767.94
       161.40          1.71         0.10        767.95
       161.50          1.71         0.10        767.95
       161.60          1.71         0.10        767.95
       161.70          1.71         0.10        767.95
       161.80          1.70         0.10        767.95
       161.90          1.70         0.09        767.95
       162.00          1.70         0.09        767.95
       162.10          1.70         0.09        767.96
       162.20          1.70         0.09        767.96
       162.30          1.70         0.09        767.96
       162.40          1.70         0.09        767.96
       162.50          1.69         0.09        767.96
       162.60          1.69         0.09        767.96
       162.70          1.69         0.09        767.96
       162.80          1.69         0.09        767.96
       162.90          1.69         0.09        767.97
       163.00          1.69         0.09        767.97
       163.10          1.69         0.09        767.97
       163.20          1.69         0.09        767.97
       163.30          1.68         0.09        767.97
       163.40          1.68         0.09        767.97
       163.50          1.68         0.09        767.97
       163.60          1.68         0.09        767.97
       163.70          1.68         0.08        767.98
       163.80          1.68         0.08        767.98
       163.90          1.68         0.08        767.98
       164.00          1.68         0.08        767.98
       164.10          1.68         0.08        767.98
       164.20          1.67         0.08        767.98
       164.30          1.67         0.08        767.98
       164.40          1.67         0.08        767.98
       164.50          1.67         0.08        767.99
       164.60          1.67         0.08        767.99
       164.70          1.67         0.08        767.99
       164.80          1.67         0.08        767.99
       164.90          1.67         0.08        767.99
       165.00          1.67         0.08        767.99
       165.10          1.66         0.08        767.99
       165.20          1.66         0.08        767.99
       165.30          1.66         0.08        767.99
       165.40          1.66         0.08        767.99
       165.50          1.66         0.08        768.00
       165.60          1.66         0.07        768.00
       165.70          1.66         0.07        768.00
       165.80          1.66         0.07        768.00
       165.90          1.66         0.07        768.00
       166.00          1.65         0.07        768.00
       166.10          1.65         0.07        768.00
       166.20          1.65         0.07        768.00
       166.30          1.65         0.07        768.00
       166.40          1.65         0.07        768.00
       166.50          1.65         0.07        768.01
       166.60          1.65         0.07        768.01
       166.70          1.65         0.07        768.01
       166.80          1.65         0.07        768.01
       166.90          1.65         0.07        768.01
       167.00          1.65         0.07        768.01
       167.10          1.64         0.07        768.01
       167.20          1.64         0.07        768.01
       167.30          1.64         0.07        768.01
       167.40          1.64         0.07        768.01
       167.50          1.64         0.06        768.02
       167.60          1.64         0.06        768.02
       167.70          1.64         0.06        768.02
       167.80          1.64         0.06        768.02
       167.90          1.64         0.06        768.02
       168.00          1.64         0.06        768.02
       168.10          1.64         0.06        768.02
       168.20          1.63         0.06        768.02
       168.30          1.63         0.06        768.02
       168.40          1.63         0.06        768.02
       168.50          1.63         0.06        768.02
       168.60          1.63         0.06        768.02
       168.70          1.63         0.06        768.03
       168.80          1.63         0.06        768.03
       168.90          1.63         0.06        768.03
       169.00          1.63         0.06        768.03
       169.10          1.63         0.06        768.03
       169.20          1.63         0.06        768.03
       169.30          1.63         0.06        768.03
       169.40          1.63         0.05        768.03
       169.50          1.62         0.05        768.03
       169.60          1.62         0.05        768.03
       169.70          1.62         0.05        768.03
       169.80          1.62         0.05        768.03
       169.90          1.62         0.05        768.03
       170.00          1.62         0.05        768.04
       170.10          1.62         0.05        768.04
       170.20          1.62         0.05        768.04
       170.30          1.62         0.05        768.04
       170.40          1.62         0.05        768.04
       170.50          1.62         0.05        768.04
       170.60          1.62         0.05        768.04
       170.70          1.62         0.05        768.04
       170.80          1.62         0.05        768.04
       170.90          1.61         0.05        768.04
       171.00          1.61         0.05        768.04
       171.10          1.61         0.05        768.04
       171.20          1.61         0.05        768.04
       171.30          1.61         0.04        768.04
       171.40          1.61         0.04        768.04
       171.50          1.61         0.04        768.04
       171.60          1.61         0.04        768.05
       171.70          1.61         0.04        768.05
       171.80          1.61         0.04        768.05
       171.90          1.61         0.04        768.05
       172.00          1.61         0.04        768.05
       172.10          1.61         0.04        768.05
       172.20          1.61         0.04        768.05
       172.30          1.61         0.04        768.05
       172.40          1.61         0.04        768.05
       172.50          1.61         0.04        768.05
       172.60          1.61         0.04        768.05
       172.70          1.60         0.04        768.05
       172.80          1.60         0.04        768.05
       172.90          1.60         0.04        768.05
       173.00          1.60         0.04        768.05
       173.10          1.60         0.04        768.05
       173.20          1.60         0.04        768.05
       173.30          1.60         0.03        768.05
       173.40          1.60         0.03        768.05
       173.50          1.60         0.03        768.06
       173.60          1.60         0.03        768.06
       173.70          1.60         0.03        768.06
       173.80          1.60         0.03        768.06
       173.90          1.60         0.03        768.06
       174.00          1.60         0.03        768.06
       174.10          1.60         0.03        768.06
       174.20          1.60         0.03        768.06
       174.30          1.60         0.03        768.06
       174.40          1.60         0.03        768.06
       174.50          1.60         0.03        768.06
       174.60          1.60         0.03        768.06
       174.70          1.60         0.03        768.06
       174.80          1.60         0.03        768.06
       174.90          1.60         0.03        768.06
       175.00          1.59         0.03        768.06
       175.10          1.59         0.03        768.06
       175.20          1.59         0.02        768.06
       175.30          1.59         0.02        768.06
       175.40          1.59         0.02        768.06
       175.50          1.59         0.02        768.06
       175.60          1.59         0.02        768.06
       175.70          1.59         0.02        768.06
       175.80          1.59         0.02        768.06
       175.90          1.59         0.02        768.06
       176.00          1.59         0.02        768.06
       176.10          1.59         0.02        768.06
       176.20          1.59         0.02        768.06
       176.30          1.59         0.02        768.06
       176.40          1.59         0.02        768.07
       176.50          1.59         0.02        768.07
       176.60          1.59         0.02        768.07
       176.70          1.59         0.02        768.07
       176.80          1.59         0.02        768.07
       176.90          1.59         0.02        768.07
       177.00          1.59         0.02        768.07
       177.10          1.59         0.01        768.07
       177.20          1.59         0.01        768.07
       177.30          1.59         0.01        768.07
       177.40          1.59         0.01        768.07
       177.50          1.59         0.01        768.07
       177.60          1.59         0.01        768.07
       177.70          1.59         0.01        768.07
       177.80          1.59         0.01        768.07
       177.90          1.59         0.01        768.07
       178.00          1.59         0.01        768.07
       178.10          1.59         0.01        768.07
       178.20          1.59         0.01        768.07
       178.30          1.59         0.01        768.07
       178.40          1.59         0.01        768.07
       178.50          1.59         0.01        768.07
       178.60          1.59         0.01        768.07
       178.70          1.59         0.01        768.07
       178.80          1.59         0.01        768.07
       178.90          1.59         0.01        768.07
       179.00          1.59         0.01        768.07
       179.10          1.59         0.00        768.07
       179.20          1.59         0.00        768.07
       179.30          1.59         0.00        768.07
       179.40          1.59         0.00        768.07
       179.50          1.59         0.00        768.07
       179.60          1.59         0.00        768.07
       179.70          1.59         0.00        768.07
       179.80          1.59         0.00        768.07
       179.90          1.59         0.00        768.07
