1
                          **** CINEMATIQUE ****
 
78Ni(p,d)77Ni @ 780 MeV                                                        

        THLAB3      ELAB3      THLAB4      ELAB4

         0.00         47.42         0.00        728.89
         0.00          3.81         0.00        772.49
         0.10         47.42         0.00        728.89
         0.10          3.81         0.00        772.49
         0.20         47.41         0.01        728.89
         0.20          3.81         0.00        772.49
         0.30         47.41         0.01        728.89
         0.30          3.81         0.00        772.49
         0.40         47.41         0.02        728.89
         0.40          3.81         0.00        772.49
         0.50         47.41         0.02        728.89
         0.50          3.81         0.01        772.49
         0.60         47.41         0.02        728.89
         0.60          3.81         0.01        772.49
         0.70         47.40         0.03        728.90
         0.70          3.81         0.01        772.49
         0.80         47.40         0.03        728.90
         0.80          3.81         0.01        772.49
         0.90         47.39         0.04        728.91
         0.90          3.81         0.01        772.49
         1.00         47.39         0.04        728.91
         1.00          3.81         0.01        772.49
         1.10         47.38         0.05        728.92
         1.10          3.81         0.01        772.49
         1.20         47.38         0.05        728.92
         1.20          3.81         0.01        772.49
         1.30         47.37         0.05        728.93
         1.30          3.81         0.01        772.49
         1.40         47.36         0.06        728.94
         1.40          3.81         0.02        772.49
         1.50         47.36         0.06        728.94
         1.50          3.81         0.02        772.49
         1.60         47.35         0.07        728.95
         1.60          3.81         0.02        772.49
         1.70         47.34         0.07        728.96
         1.70          3.82         0.02        772.49
         1.80         47.33         0.07        728.97
         1.80          3.82         0.02        772.49
         1.90         47.32         0.08        728.98
         1.90          3.82         0.02        772.48
         2.00         47.31         0.08        728.99
         2.00          3.82         0.02        772.48
         2.10         47.30         0.09        729.00
         2.10          3.82         0.02        772.48
         2.20         47.29         0.09        729.01
         2.20          3.82         0.02        772.48
         2.30         47.28         0.09        729.02
         2.30          3.82         0.03        772.48
         2.40         47.26         0.10        729.04
         2.40          3.82         0.03        772.48
         2.50         47.25         0.10        729.05
         2.50          3.82         0.03        772.48
1


 78Ni(p,d)77Ni @ 780 MeV                                                        

        THLAB3      ELAB3      THLAB4      ELAB4

         2.60         47.24         0.11        729.06
         2.60          3.82         0.03        772.48
         2.70         47.22         0.11        729.08
         2.70          3.82         0.03        772.48
         2.80         47.21         0.12        729.09
         2.80          3.83         0.03        772.48
         2.90         47.19         0.12        729.11
         2.90          3.83         0.03        772.47
         3.00         47.18         0.12        729.12
         3.00          3.83         0.03        772.47
         3.10         47.16         0.13        729.14
         3.10          3.83         0.04        772.47
         3.20         47.15         0.13        729.15
         3.20          3.83         0.04        772.47
         3.30         47.13         0.14        729.17
         3.30          3.83         0.04        772.47
         3.40         47.11         0.14        729.19
         3.40          3.83         0.04        772.47
         3.50         47.09         0.14        729.21
         3.50          3.83         0.04        772.47
         3.60         47.08         0.15        729.23
         3.60          3.84         0.04        772.46
         3.70         47.06         0.15        729.25
         3.70          3.84         0.04        772.46
         3.80         47.04         0.16        729.26
         3.80          3.84         0.04        772.46
         3.90         47.02         0.16        729.29
         3.90          3.84         0.04        772.46
         4.00         47.00         0.16        729.31
         4.00          3.84         0.05        772.46
         4.10         46.97         0.17        729.33
         4.10          3.84         0.05        772.46
         4.20         46.95         0.17        729.35
         4.20          3.85         0.05        772.46
         4.30         46.93         0.18        729.37
         4.30          3.85         0.05        772.45
         4.40         46.91         0.18        729.39
         4.40          3.85         0.05        772.45
         4.50         46.88         0.18        729.42
         4.50          3.85         0.05        772.45
         4.60         46.86         0.19        729.44
         4.60          3.85         0.05        772.45
         4.70         46.84         0.19        729.47
         4.70          3.86         0.05        772.45
         4.80         46.81         0.20        729.49
         4.80          3.86         0.05        772.44
         4.90         46.79         0.20        729.52
         4.90          3.86         0.06        772.44
         5.00         46.76         0.20        729.54
         5.00          3.86         0.06        772.44
1


 78Ni(p,d)77Ni @ 780 MeV                                                        

        THLAB3      ELAB3      THLAB4      ELAB4

         5.10         46.73         0.21        729.57
         5.10          3.86         0.06        772.44
         5.20         46.71         0.21        729.60
         5.20          3.87         0.06        772.43
         5.30         46.68         0.22        729.62
         5.30          3.87         0.06        772.43
         5.40         46.65         0.22        729.65
         5.40          3.87         0.06        772.43
         5.50         46.62         0.22        729.68
         5.50          3.87         0.06        772.43
         5.60         46.59         0.23        729.71
         5.60          3.88         0.06        772.43
         5.70         46.56         0.23        729.74
         5.70          3.88         0.06        772.42
         5.80         46.53         0.24        729.77
         5.80          3.88         0.07        772.42
         5.90         46.50         0.24        729.80
         5.90          3.88         0.07        772.42
         6.00         46.47         0.24        729.83
         6.00          3.89         0.07        772.42
         6.10         46.44         0.25        729.86
         6.10          3.89         0.07        772.41
         6.20         46.41         0.25        729.89
         6.20          3.89         0.07        772.41
         6.30         46.37         0.26        729.93
         6.30          3.89         0.07        772.41
         6.40         46.34         0.26        729.96
         6.40          3.90         0.07        772.40
         6.50         46.31         0.26        729.99
         6.50          3.90         0.07        772.40
         6.60         46.27         0.27        730.03
         6.60          3.90         0.08        772.40
         6.70         46.24         0.27        730.06
         6.70          3.91         0.08        772.40
         6.80         46.20         0.28        730.10
         6.80          3.91         0.08        772.39
         6.90         46.17         0.28        730.13
         6.90          3.91         0.08        772.39
         7.00         46.13         0.28        730.17
         7.00          3.91         0.08        772.39
         7.10         46.09         0.29        730.21
         7.10          3.92         0.08        772.38
         7.20         46.06         0.29        730.24
         7.20          3.92         0.08        772.38
         7.30         46.02         0.30        730.28
         7.30          3.92         0.08        772.38
         7.40         45.98         0.30        730.32
         7.40          3.93         0.08        772.37
         7.50         45.94         0.30        730.36
         7.50          3.93         0.09        772.37
1


 78Ni(p,d)77Ni @ 780 MeV                                                        

        THLAB3      ELAB3      THLAB4      ELAB4

         7.60         45.90         0.31        730.40
         7.60          3.93         0.09        772.37
         7.70         45.86         0.31        730.44
         7.70          3.94         0.09        772.36
         7.80         45.82         0.31        730.48
         7.80          3.94         0.09        772.36
         7.90         45.78         0.32        730.52
         7.90          3.94         0.09        772.36
         8.00         45.74         0.32        730.56
         8.00          3.95         0.09        772.35
         8.10         45.70         0.33        730.60
         8.10          3.95         0.09        772.35
         8.20         45.65         0.33        730.65
         8.20          3.95         0.09        772.35
         8.30         45.61         0.33        730.69
         8.30          3.96         0.10        772.34
         8.40         45.57         0.34        730.73
         8.40          3.96         0.10        772.34
         8.50         45.52         0.34        730.78
         8.50          3.97         0.10        772.34
         8.60         45.48         0.35        730.82
         8.60          3.97         0.10        772.33
         8.70         45.43         0.35        730.87
         8.70          3.97         0.10        772.33
         8.80         45.39         0.35        730.91
         8.80          3.98         0.10        772.32
         8.90         45.34         0.36        730.96
         8.90          3.98         0.10        772.32
         9.00         45.30         0.36        731.01
         9.00          3.99         0.10        772.32
         9.10         45.25         0.36        731.05
         9.10          3.99         0.10        772.31
         9.20         45.20         0.37        731.10
         9.20          3.99         0.11        772.31
         9.30         45.15         0.37        731.15
         9.30          4.00         0.11        772.30
         9.40         45.10         0.38        731.20
         9.40          4.00         0.11        772.30
         9.50         45.06         0.38        731.25
         9.50          4.01         0.11        772.29
         9.60         45.01         0.38        731.30
         9.60          4.01         0.11        772.29
         9.70         44.96         0.39        731.35
         9.70          4.02         0.11        772.29
         9.80         44.90         0.39        731.40
         9.80          4.02         0.11        772.28
         9.90         44.85         0.39        731.45
         9.90          4.02         0.11        772.28
        10.00         44.80         0.40        731.50
        10.00          4.03         0.12        772.27
1


 78Ni(p,d)77Ni @ 780 MeV                                                        

        THLAB3      ELAB3      THLAB4      ELAB4

        10.10         44.75         0.40        731.55
        10.10          4.03         0.12        772.27
        10.20         44.70         0.41        731.60
        10.20          4.04         0.12        772.26
        10.30         44.64         0.41        731.66
        10.30          4.04         0.12        772.26
        10.40         44.59         0.41        731.71
        10.40          4.05         0.12        772.25
        10.50         44.54         0.42        731.77
        10.50          4.05         0.12        772.25
        10.60         44.48         0.42        731.82
        10.60          4.06         0.12        772.24
        10.70         44.43         0.42        731.88
        10.70          4.06         0.12        772.24
        10.80         44.37         0.43        731.93
        10.80          4.07         0.13        772.23
        10.90         44.31         0.43        731.99
        10.90          4.07         0.13        772.23
        11.00         44.26         0.43        732.05
        11.00          4.08         0.13        772.22
        11.10         44.20         0.44        732.10
        11.10          4.08         0.13        772.22
        11.20         44.14         0.44        732.16
        11.20          4.09         0.13        772.21
        11.30         44.08         0.45        732.22
        11.30          4.09         0.13        772.21
        11.40         44.02         0.45        732.28
        11.40          4.10         0.13        772.20
        11.50         43.96         0.45        732.34
        11.50          4.10         0.13        772.20
        11.60         43.90         0.46        732.40
        11.60          4.11         0.14        772.19
        11.70         43.84         0.46        732.46
        11.70          4.12         0.14        772.19
        11.80         43.78         0.46        732.52
        11.80          4.12         0.14        772.18
        11.90         43.72         0.47        732.58
        11.90          4.13         0.14        772.17
        12.00         43.66         0.47        732.64
        12.00          4.13         0.14        772.17
        12.10         43.60         0.47        732.70
        12.10          4.14         0.14        772.16
        12.20         43.53         0.48        732.77
        12.20          4.14         0.14        772.16
        12.30         43.47         0.48        732.83
        12.30          4.15         0.14        772.15
        12.40         43.41         0.48        732.89
        12.40          4.16         0.15        772.14
        12.50         43.34         0.49        732.96
        12.50          4.16         0.15        772.14
1


 78Ni(p,d)77Ni @ 780 MeV                                                        

        THLAB3      ELAB3      THLAB4      ELAB4

        12.60         43.28         0.49        733.02
        12.60          4.17         0.15        772.13
        12.70         43.21         0.49        733.09
        12.70          4.18         0.15        772.13
        12.80         43.15         0.50        733.15
        12.80          4.18         0.15        772.12
        12.90         43.08         0.50        733.22
        12.90          4.19         0.15        772.11
        13.00         43.01         0.50        733.29
        13.00          4.19         0.15        772.11
        13.10         42.95         0.51        733.36
        13.10          4.20         0.15        772.10
        13.20         42.88         0.51        733.42
        13.20          4.21         0.16        772.09
        13.30         42.81         0.51        733.49
        13.30          4.21         0.16        772.09
        13.40         42.74         0.52        733.56
        13.40          4.22         0.16        772.08
        13.50         42.67         0.52        733.63
        13.50          4.23         0.16        772.07
        13.60         42.60         0.52        733.70
        13.60          4.23         0.16        772.07
        13.70         42.53         0.53        733.77
        13.70          4.24         0.16        772.06
        13.80         42.46         0.53        733.84
        13.80          4.25         0.16        772.05
        13.90         42.39         0.53        733.91
        13.90          4.26         0.16        772.05
        14.00         42.32         0.54        733.98
        14.00          4.26         0.17        772.04
        14.10         42.24         0.54        734.06
        14.10          4.27         0.17        772.03
        14.20         42.17         0.54        734.13
        14.20          4.28         0.17        772.02
        14.30         42.10         0.55        734.20
        14.30          4.28         0.17        772.02
        14.40         42.02         0.55        734.28
        14.40          4.29         0.17        772.01
        14.50         41.95         0.55        734.35
        14.50          4.30         0.17        772.00
        14.60         41.88         0.56        734.43
        14.60          4.31         0.17        771.99
        14.70         41.80         0.56        734.50
        14.70          4.32         0.17        771.99
        14.80         41.72         0.56        734.58
        14.80          4.32         0.18        771.98
        14.90         41.65         0.57        734.65
        14.90          4.33         0.18        771.97
        15.00         41.57         0.57        734.73
        15.00          4.34         0.18        771.96
1


 78Ni(p,d)77Ni @ 780 MeV                                                        

        THLAB3      ELAB3      THLAB4      ELAB4

        15.10         41.49         0.57        734.81
        15.10          4.35         0.18        771.95
        15.20         41.42         0.58        734.89
        15.20          4.35         0.18        771.95
        15.30         41.34         0.58        734.96
        15.30          4.36         0.18        771.94
        15.40         41.26         0.58        735.04
        15.40          4.37         0.18        771.93
        15.50         41.18         0.59        735.12
        15.50          4.38         0.19        771.92
        15.60         41.10         0.59        735.20
        15.60          4.39         0.19        771.91
        15.70         41.02         0.59        735.28
        15.70          4.40         0.19        771.90
        15.80         40.94         0.59        735.36
        15.80          4.41         0.19        771.90
        15.90         40.86         0.60        735.44
        15.90          4.41         0.19        771.89
        16.00         40.77         0.60        735.53
        16.00          4.42         0.19        771.88
        16.10         40.69         0.60        735.61
        16.10          4.43         0.19        771.87
        16.20         40.61         0.61        735.69
        16.20          4.44         0.19        771.86
        16.30         40.53         0.61        735.77
        16.30          4.45         0.20        771.85
        16.40         40.44         0.61        735.86
        16.40          4.46         0.20        771.84
        16.50         40.36         0.62        735.94
        16.50          4.47         0.20        771.83
        16.60         40.27         0.62        736.03
        16.60          4.48         0.20        771.82
        16.70         40.19         0.62        736.11
        16.70          4.49         0.20        771.81
        16.80         40.10         0.62        736.20
        16.80          4.50         0.20        771.81
        16.90         40.02         0.63        736.29
        16.90          4.51         0.20        771.80
        17.00         39.93         0.63        736.37
        17.00          4.52         0.21        771.79
        17.10         39.84         0.63        736.46
        17.10          4.53         0.21        771.78
        17.20         39.75         0.64        736.55
        17.20          4.53         0.21        771.77
        17.30         39.67         0.64        736.64
        17.30          4.54         0.21        771.76
        17.40         39.58         0.64        736.72
        17.40          4.56         0.21        771.75
        17.50         39.49         0.64        736.81
        17.50          4.57         0.21        771.74
1


 78Ni(p,d)77Ni @ 780 MeV                                                        

        THLAB3      ELAB3      THLAB4      ELAB4

        17.60         39.40         0.65        736.90
        17.60          4.58         0.21        771.73
        17.70         39.31         0.65        736.99
        17.70          4.59         0.22        771.72
        17.80         39.22         0.65        737.08
        17.80          4.60         0.22        771.70
        17.90         39.13         0.66        737.18
        17.90          4.61         0.22        771.69
        18.00         39.03         0.66        737.27
        18.00          4.62         0.22        771.68
        18.10         38.94         0.66        737.36
        18.10          4.63         0.22        771.67
        18.20         38.85         0.66        737.45
        18.20          4.64         0.22        771.66
        18.30         38.76         0.67        737.55
        18.30          4.65         0.22        771.65
        18.40         38.66         0.67        737.64
        18.40          4.66         0.23        771.64
        18.50         38.57         0.67        737.73
        18.50          4.67         0.23        771.63
        18.60         38.47         0.67        737.83
        18.60          4.68         0.23        771.62
        18.70         38.38         0.68        737.92
        18.70          4.70         0.23        771.61
        18.80         38.28         0.68        738.02
        18.80          4.71         0.23        771.59
        18.90         38.19         0.68        738.11
        18.90          4.72         0.23        771.58
        19.00         38.09         0.68        738.21
        19.00          4.73         0.23        771.57
        19.10         37.99         0.69        738.31
        19.10          4.74         0.24        771.56
        19.20         37.90         0.69        738.41
        19.20          4.76         0.24        771.55
        19.30         37.80         0.69        738.50
        19.30          4.77         0.24        771.53
        19.40         37.70         0.69        738.60
        19.40          4.78         0.24        771.52
        19.50         37.60         0.70        738.70
        19.50          4.79         0.24        771.51
        19.60         37.50         0.70        738.80
        19.60          4.81         0.24        771.50
        19.70         37.40         0.70        738.90
        19.70          4.82         0.25        771.48
        19.80         37.30         0.70        739.00
        19.80          4.83         0.25        771.47
        19.90         37.20         0.71        739.10
        19.90          4.84         0.25        771.46
        20.00         37.10         0.71        739.21
        20.00          4.86         0.25        771.44
1


 78Ni(p,d)77Ni @ 780 MeV                                                        

        THLAB3      ELAB3      THLAB4      ELAB4

        20.10         36.99         0.71        739.31
        20.10          4.87         0.25        771.43
        20.20         36.89         0.71        739.41
        20.20          4.88         0.25        771.42
        20.30         36.79         0.72        739.51
        20.30          4.90         0.25        771.40
        20.40         36.68         0.72        739.62
        20.40          4.91         0.26        771.39
        20.50         36.58         0.72        739.72
        20.50          4.92         0.26        771.38
        20.60         36.47         0.72        739.83
        20.60          4.94         0.26        771.36
        20.70         36.37         0.73        739.93
        20.70          4.95         0.26        771.35
        20.80         36.26         0.73        740.04
        20.80          4.97         0.26        771.33
        20.90         36.16         0.73        740.14
        20.90          4.98         0.26        771.32
        21.00         36.05         0.73        740.25
        21.00          5.00         0.27        771.30
        21.10         35.94         0.73        740.36
        21.10          5.01         0.27        771.29
        21.20         35.84         0.74        740.47
        21.20          5.03         0.27        771.28
        21.30         35.73         0.74        740.57
        21.30          5.04         0.27        771.26
        21.40         35.62         0.74        740.68
        21.40          5.06         0.27        771.24
        21.50         35.51         0.74        740.79
        21.50          5.07         0.27        771.23
        21.60         35.40         0.74        740.90
        21.60          5.09         0.28        771.21
        21.70         35.29         0.75        741.01
        21.70          5.10         0.28        771.20
        21.80         35.18         0.75        741.12
        21.80          5.12         0.28        771.18
        21.90         35.07         0.75        741.23
        21.90          5.14         0.28        771.17
        22.00         34.96         0.75        741.35
        22.00          5.15         0.28        771.15
        22.10         34.84         0.75        741.46
        22.10          5.17         0.28        771.13
        22.20         34.73         0.76        741.57
        22.20          5.19         0.29        771.12
        22.30         34.62         0.76        741.69
        22.30          5.20         0.29        771.10
        22.40         34.50         0.76        741.80
        22.40          5.22         0.29        771.08
        22.50         34.39         0.76        741.91
        22.50          5.24         0.29        771.07
1


 78Ni(p,d)77Ni @ 780 MeV                                                        

        THLAB3      ELAB3      THLAB4      ELAB4

        22.60         34.27         0.76        742.03
        22.60          5.25         0.29        771.05
        22.70         34.16         0.77        742.14
        22.70          5.27         0.29        771.03
        22.80         34.04         0.77        742.26
        22.80          5.29         0.30        771.01
        22.90         33.92         0.77        742.38
        22.90          5.31         0.30        770.99
        23.00         33.81         0.77        742.49
        23.00          5.33         0.30        770.98
        23.10         33.69         0.77        742.61
        23.10          5.34         0.30        770.96
        23.20         33.57         0.77        742.73
        23.20          5.36         0.30        770.94
        23.30         33.45         0.78        742.85
        23.30          5.38         0.30        770.92
        23.40         33.33         0.78        742.97
        23.40          5.40         0.31        770.90
        23.50         33.21         0.78        743.09
        23.50          5.42         0.31        770.88
        23.60         33.09         0.78        743.21
        23.60          5.44         0.31        770.86
        23.70         32.97         0.78        743.33
        23.70          5.46         0.31        770.84
        23.80         32.85         0.78        743.45
        23.80          5.48         0.31        770.82
        23.90         32.73         0.79        743.57
        23.90          5.50         0.32        770.80
        24.00         32.60         0.79        743.70
        24.00          5.52         0.32        770.78
        24.10         32.48         0.79        743.82
        24.10          5.54         0.32        770.76
        24.20         32.36         0.79        743.94
        24.20          5.56         0.32        770.74
        24.30         32.23         0.79        744.07
        24.30          5.58         0.32        770.72
        24.40         32.11         0.79        744.19
        24.40          5.61         0.32        770.70
        24.50         31.98         0.80        744.32
        24.50          5.63         0.33        770.67
        24.60         31.86         0.80        744.45
        24.60          5.65         0.33        770.65
        24.70         31.73         0.80        744.57
        24.70          5.67         0.33        770.63
        24.80         31.60         0.80        744.70
        24.80          5.69         0.33        770.61
        24.90         31.47         0.80        744.83
        24.90          5.72         0.33        770.58
        25.00         31.35         0.80        744.96
        25.00          5.74         0.34        770.56
1


 78Ni(p,d)77Ni @ 780 MeV                                                        

        THLAB3      ELAB3      THLAB4      ELAB4

        25.10         31.22         0.80        745.09
        25.10          5.76         0.34        770.54
        25.20         31.09         0.80        745.22
        25.20          5.79         0.34        770.51
        25.30         30.96         0.81        745.35
        25.30          5.81         0.34        770.49
        25.40         30.82         0.81        745.48
        25.40          5.84         0.34        770.46
        25.50         30.69         0.81        745.61
        25.50          5.86         0.35        770.44
        25.60         30.56         0.81        745.74
        25.60          5.89         0.35        770.41
        25.70         30.43         0.81        745.87
        25.70          5.91         0.35        770.39
        25.80         30.29         0.81        746.01
        25.80          5.94         0.35        770.36
        25.90         30.16         0.81        746.14
        25.90          5.96         0.35        770.34
        26.00         30.03         0.81        746.28
        26.00          5.99         0.36        770.31
        26.10         29.89         0.81        746.41
        26.10          6.02         0.36        770.28
        26.20         29.75         0.82        746.55
        26.20          6.05         0.36        770.26
        26.30         29.62         0.82        746.69
        26.30          6.07         0.36        770.23
        26.40         29.48         0.82        746.82
        26.40          6.10         0.36        770.20
        26.50         29.34         0.82        746.96
        26.50          6.13         0.37        770.17
        26.60         29.20         0.82        747.10
        26.60          6.16         0.37        770.14
        26.70         29.06         0.82        747.24
        26.70          6.19         0.37        770.11
        26.80         28.92         0.82        747.38
        26.80          6.22         0.37        770.08
        26.90         28.78         0.82        747.52
        26.90          6.25         0.38        770.05
        27.00         28.64         0.82        747.66
        27.00          6.28         0.38        770.02
        27.10         28.50         0.82        747.81
        27.10          6.31         0.38        769.99
        27.20         28.35         0.82        747.95
        27.20          6.34         0.38        769.96
        27.30         28.21         0.82        748.09
        27.30          6.37         0.38        769.93
        27.40         28.06         0.82        748.24
        27.40          6.41         0.39        769.89
        27.50         27.92         0.82        748.38
        27.50          6.44         0.39        769.86
1


 78Ni(p,d)77Ni @ 780 MeV                                                        

        THLAB3      ELAB3      THLAB4      ELAB4

        27.60         27.77         0.82        748.53
        27.60          6.47         0.39        769.83
        27.70         27.62         0.83        748.68
        27.70          6.51         0.39        769.79
        27.80         27.48         0.83        748.83
        27.80          6.54         0.40        769.76
        27.90         27.33         0.83        748.97
        27.90          6.58         0.40        769.72
        28.00         27.18         0.83        749.12
        28.00          6.62         0.40        769.69
        28.10         27.03         0.83        749.28
        28.10          6.65         0.40        769.65
        28.20         26.87         0.83        749.43
        28.20          6.69         0.41        769.61
        28.30         26.72         0.83        749.58
        28.30          6.73         0.41        769.57
        28.40         26.57         0.83        749.73
        28.40          6.77         0.41        769.54
        28.50         26.41         0.83        749.89
        28.50          6.81         0.41        769.50
        28.60         26.26         0.83        750.04
        28.60          6.85         0.42        769.46
        28.70         26.10         0.83        750.20
        28.70          6.89         0.42        769.42
        28.80         25.94         0.83        750.36
        28.80          6.93         0.42        769.37
        28.90         25.79         0.83        750.52
        28.90          6.97         0.42        769.33
        29.00         25.63         0.83        750.67
        29.00          7.01         0.43        769.29
        29.10         25.47         0.83        750.84
        29.10          7.06         0.43        769.24
        29.20         25.30         0.83        751.00
        29.20          7.10         0.43        769.20
        29.30         25.14         0.83        751.16
        29.30          7.15         0.43        769.15
        29.40         24.98         0.83        751.32
        29.40          7.19         0.44        769.11
        29.50         24.81         0.83        751.49
        29.50          7.24         0.44        769.06
        29.60         24.65         0.83        751.66
        29.60          7.29         0.44        769.01
        29.70         24.48         0.83        751.82
        29.70          7.34         0.45        768.96
        29.80         24.31         0.83        751.99
        29.80          7.39         0.45        768.91
        29.90         24.14         0.83        752.16
        29.90          7.44         0.45        768.86
        30.00         23.97         0.82        752.33
        30.00          7.50         0.46        768.80
1


 78Ni(p,d)77Ni @ 780 MeV                                                        

        THLAB3      ELAB3      THLAB4      ELAB4

        30.10         23.79         0.82        752.51
        30.10          7.55         0.46        768.75
        30.20         23.62         0.82        752.68
        30.20          7.61         0.46        768.69
        30.30         23.44         0.82        752.86
        30.30          7.66         0.46        768.64
        30.40         23.26         0.82        753.04
        30.40          7.72         0.47        768.58
        30.50         23.08         0.82        753.22
        30.50          7.78         0.47        768.52
        30.60         22.90         0.82        753.40
        30.60          7.84         0.47        768.46
        30.70         22.72         0.82        753.58
        30.70          7.91         0.48        768.39
        30.80         22.53         0.82        753.77
        30.80          7.97         0.48        768.33
        30.90         22.35         0.82        753.95
        30.90          8.04         0.48        768.26
        31.00         22.16         0.82        754.14
        31.00          8.11         0.49        768.20
        31.10         21.97         0.81        754.34
        31.10          8.18         0.49        768.12
        31.20         21.77         0.81        754.53
        31.20          8.25         0.49        768.05
        31.30         21.57         0.81        754.73
        31.30          8.32         0.50        767.98
        31.40         21.38         0.81        754.93
        31.40          8.40         0.50        767.90
        31.50         21.17         0.81        755.13
        31.50          8.48         0.51        767.82
        31.60         20.97         0.81        755.33
        31.60          8.56         0.51        767.74
        31.70         20.76         0.80        755.54
        31.70          8.65         0.51        767.65
        31.80         20.55         0.80        755.75
        31.80          8.74         0.52        767.56
        31.90         20.33         0.80        755.97
        31.90          8.83         0.52        767.47
        32.00         20.12         0.80        756.19
        32.00          8.93         0.53        767.38
        32.10         19.89         0.80        756.41
        32.10          9.03         0.53        767.28
        32.20         19.67         0.79        756.64
        32.20          9.13         0.54        767.17
        32.30         19.43         0.79        756.87
        32.30          9.24         0.54        767.06
        32.40         19.19         0.79        757.11
        32.40          9.35         0.55        766.95
        32.50         18.95         0.78        757.35
        32.50          9.47         0.55        766.83
1


 78Ni(p,d)77Ni @ 780 MeV                                                        

        THLAB3      ELAB3      THLAB4      ELAB4

        32.60         18.70         0.78        757.60
        32.60          9.60         0.56        766.70
        32.70         18.44         0.78        757.86
        32.70          9.74         0.56        766.57
        32.80         18.17         0.77        758.13
        32.80          9.88         0.57        766.42
        32.90         17.89         0.77        758.41
        32.90         10.03         0.57        766.27
        33.00         17.60         0.77        758.70
        33.00         10.20         0.58        766.10
        33.10         17.30         0.76        759.00
        33.10         10.38         0.59        765.93
        33.20         16.98         0.76        759.32
        33.20         10.57         0.59        765.73
        33.30         16.63         0.75        759.67
        33.30         10.79         0.60        765.51
        33.40         16.26         0.74        760.04
        33.40         11.04         0.61        765.26
        33.50         15.85         0.74        760.45
        33.50         11.32         0.62        764.98
        33.60         15.37         0.73        760.93
        33.60         11.68         0.63        764.63
        33.70         14.77         0.71        761.53
        33.70         12.15         0.65        764.15
        33.80         13.54         0.68        762.76
        33.80         13.25         0.68        763.05
