         0.00        341.32         0.00       7426.83
         0.00          2.61         0.00       7765.53
         0.10        341.31         0.00       7426.83
         0.10          2.61         0.00       7765.53
         0.20        341.31         0.01       7426.83
         0.20          2.61         0.00       7765.53
         0.30        341.30         0.01       7426.84
         0.30          2.61         0.00       7765.53
         0.40        341.29         0.01       7426.85
         0.40          2.61         0.00       7765.53
         0.50        341.28         0.01       7426.86
         0.50          2.61         0.00       7765.53
         0.60        341.26         0.02       7426.88
         0.60          2.61         0.00       7765.53
         0.70        341.24         0.02       7426.90
         0.70          2.61         0.00       7765.53
         0.80        341.22         0.02       7426.92
         0.80          2.61         0.00       7765.53
         0.90        341.19         0.02       7426.95
         0.90          2.61         0.00       7765.53
         1.00        341.17         0.03       7426.98
         1.00          2.61         0.00       7765.53
         1.10        341.14         0.03       7427.01
         1.10          2.61         0.00       7765.53
         1.20        341.10         0.03       7427.04
         1.20          2.61         0.00       7765.53
         1.30        341.06         0.03       7427.08
         1.30          2.61         0.00       7765.53
         1.40        341.02         0.04       7427.12
         1.40          2.61         0.00       7765.53
         1.50        340.98         0.04       7427.16
         1.50          2.61         0.00       7765.53
         1.60        340.93         0.04       7427.21
         1.60          2.61         0.00       7765.53
         1.70        340.89         0.04       7427.26
         1.70          2.61         0.00       7765.53
         1.80        340.83         0.05       7427.31
         1.80          2.61         0.00       7765.53
         1.90        340.78         0.05       7427.36
         1.90          2.61         0.00       7765.53
         2.00        340.72         0.05       7427.42
         2.00          2.61         0.00       7765.53
         2.10        340.66         0.05       7427.48
         2.10          2.61         0.00       7765.53
         2.20        340.60         0.06       7427.55
         2.20          2.61         0.00       7765.53
         2.30        340.53         0.06       7427.61
         2.30          2.61         0.00       7765.53
         2.40        340.46         0.06       7427.68
         2.40          2.62         0.00       7765.53
         2.50        340.39         0.06       7427.76
         2.50          2.62         0.01       7765.53
         2.60        340.31         0.07       7427.83
         2.60          2.62         0.01       7765.53
         2.70        340.23         0.07       7427.91
         2.70          2.62         0.01       7765.53
         2.80        340.15         0.07       7427.99
         2.80          2.62         0.01       7765.53
         2.90        340.07         0.07       7428.08
         2.90          2.62         0.01       7765.52
         3.00        339.98         0.08       7428.17
         3.00          2.62         0.01       7765.52
         3.10        339.89         0.08       7428.26
         3.10          2.62         0.01       7765.52
         3.20        339.79         0.08       7428.35
         3.20          2.62         0.01       7765.52
         3.30        339.70         0.08       7428.45
         3.30          2.62         0.01       7765.52
         3.40        339.60         0.09       7428.54
         3.40          2.62         0.01       7765.52
         3.50        339.50         0.09       7428.65
         3.50          2.62         0.01       7765.52
         3.60        339.39         0.09       7428.75
         3.60          2.62         0.01       7765.52
         3.70        339.28         0.09       7428.86
         3.70          2.62         0.01       7765.52
         3.80        339.17         0.10       7428.97
         3.80          2.62         0.01       7765.52
         3.90        339.06         0.10       7429.09
         3.90          2.62         0.01       7765.52
         4.00        338.94         0.10       7429.20
         4.00          2.63         0.01       7765.52
         4.10        338.82         0.11       7429.32
         4.10          2.63         0.01       7765.52
         4.20        338.70         0.11       7429.45
         4.20          2.63         0.01       7765.52
         4.30        338.57         0.11       7429.57
         4.30          2.63         0.01       7765.51
         4.40        338.44         0.11       7429.70
         4.40          2.63         0.01       7765.51
         4.50        338.31         0.12       7429.83
         4.50          2.63         0.01       7765.51
         4.60        338.18         0.12       7429.97
         4.60          2.63         0.01       7765.51
         4.70        338.04         0.12       7430.10
         4.70          2.63         0.01       7765.51
         4.80        337.90         0.12       7430.24
         4.80          2.63         0.01       7765.51
         4.90        337.76         0.13       7430.39
         4.90          2.63         0.01       7765.51
         5.00        337.61         0.13       7430.53
         5.00          2.63         0.01       7765.51
         5.10        337.46         0.13       7430.68
         5.10          2.63         0.01       7765.51
         5.20        337.31         0.13       7430.83
         5.20          2.64         0.01       7765.51
         5.30        337.15         0.14       7430.99
         5.30          2.64         0.01       7765.51
         5.40        337.00         0.14       7431.15
         5.40          2.64         0.01       7765.50
         5.50        336.83         0.14       7431.31
         5.50          2.64         0.01       7765.50
         5.60        336.67         0.14       7431.47
         5.60          2.64         0.01       7765.50
         5.70        336.50         0.15       7431.64
         5.70          2.64         0.01       7765.50
         5.80        336.34         0.15       7431.81
         5.80          2.64         0.01       7765.50
         5.90        336.16         0.15       7431.98
         5.90          2.64         0.01       7765.50
         6.00        335.99         0.15       7432.15
         6.00          2.64         0.01       7765.50
         6.10        335.81         0.16       7432.33
         6.10          2.65         0.01       7765.50
         6.20        335.63         0.16       7432.51
         6.20          2.65         0.01       7765.50
         6.30        335.45         0.16       7432.70
         6.30          2.65         0.01       7765.49
         6.40        335.26         0.16       7432.88
         6.40          2.65         0.01       7765.49
         6.50        335.07         0.17       7433.07
         6.50          2.65         0.01       7765.49
         6.60        334.88         0.17       7433.27
         6.60          2.65         0.01       7765.49
         6.70        334.68         0.17       7433.46
         6.70          2.65         0.01       7765.49
         6.80        334.48         0.17       7433.66
         6.80          2.65         0.01       7765.49
         6.90        334.28         0.18       7433.86
         6.90          2.66         0.01       7765.49
         7.00        334.08         0.18       7434.06
         7.00          2.66         0.01       7765.49
         7.10        333.87         0.18       7434.27
         7.10          2.66         0.01       7765.48
         7.20        333.66         0.18       7434.48
         7.20          2.66         0.01       7765.48
         7.30        333.45         0.18       7434.69
         7.30          2.66         0.01       7765.48
         7.40        333.24         0.19       7434.91
         7.40          2.66         0.02       7765.48
         7.50        333.02         0.19       7435.12
         7.50          2.66         0.02       7765.48
         7.60        332.80         0.19       7435.34
         7.60          2.67         0.02       7765.48
         7.70        332.58         0.19       7435.57
         7.70          2.67         0.02       7765.47
         7.80        332.35         0.20       7435.79
         7.80          2.67         0.02       7765.47
         7.90        332.12         0.20       7436.02
         7.90          2.67         0.02       7765.47
         8.00        331.89         0.20       7436.25
         8.00          2.67         0.02       7765.47
         8.10        331.65         0.20       7436.49
         8.10          2.67         0.02       7765.47
         8.20        331.42         0.21       7436.73
         8.20          2.68         0.02       7765.47
         8.30        331.18         0.21       7436.97
         8.30          2.68         0.02       7765.47
         8.40        330.93         0.21       7437.21
         8.40          2.68         0.02       7765.46
         8.50        330.69         0.21       7437.45
         8.50          2.68         0.02       7765.46
         8.60        330.44         0.22       7437.70
         8.60          2.68         0.02       7765.46
         8.70        330.19         0.22       7437.95
         8.70          2.68         0.02       7765.46
         8.80        329.93         0.22       7438.21
         8.80          2.69         0.02       7765.46
         8.90        329.68         0.22       7438.47
         8.90          2.69         0.02       7765.45
         9.00        329.42         0.23       7438.72
         9.00          2.69         0.02       7765.45
         9.10        329.16         0.23       7438.99
         9.10          2.69         0.02       7765.45
         9.20        328.89         0.23       7439.25
         9.20          2.69         0.02       7765.45
         9.30        328.62         0.23       7439.52
         9.30          2.70         0.02       7765.45
         9.40        328.35         0.24       7439.79
         9.40          2.70         0.02       7765.45
         9.50        328.08         0.24       7440.06
         9.50          2.70         0.02       7765.44
         9.60        327.80         0.24       7440.34
         9.60          2.70         0.02       7765.44
         9.70        327.52         0.24       7440.62
         9.70          2.70         0.02       7765.44
         9.80        327.24         0.24       7440.90
         9.80          2.70         0.02       7765.44
         9.90        326.96         0.25       7441.18
         9.90          2.71         0.02       7765.44
        10.00        326.67         0.25       7441.47
        10.00          2.71         0.02       7765.43
        10.10        326.38         0.25       7441.76
        10.10          2.71         0.02       7765.43
        10.20        326.09         0.25       7442.05
        10.20          2.71         0.02       7765.43
        10.30        325.80         0.26       7442.35
        10.30          2.71         0.02       7765.43
        10.40        325.50         0.26       7442.64
        10.40          2.72         0.02       7765.43
        10.50        325.20         0.26       7442.94
        10.50          2.72         0.02       7765.42
        10.60        324.90         0.26       7443.25
        10.60          2.72         0.02       7765.42
        10.70        324.59         0.27       7443.55
        10.70          2.72         0.02       7765.42
        10.80        324.28         0.27       7443.86
        10.80          2.73         0.02       7765.42
        10.90        323.97         0.27       7444.17
        10.90          2.73         0.02       7765.41
        11.00        323.66         0.27       7444.48
        11.00          2.73         0.02       7765.41
        11.10        323.34         0.28       7444.80
        11.10          2.73         0.02       7765.41
        11.20        323.02         0.28       7445.12
        11.20          2.73         0.02       7765.41
        11.30        322.70         0.28       7445.44
        11.30          2.74         0.02       7765.41
        11.40        322.38         0.28       7445.76
        11.40          2.74         0.02       7765.40
        11.50        322.05         0.28       7446.09
        11.50          2.74         0.02       7765.40
        11.60        321.72         0.29       7446.42
        11.60          2.74         0.02       7765.40
        11.70        321.39         0.29       7446.75
        11.70          2.75         0.02       7765.40
        11.80        321.06         0.29       7447.09
        11.80          2.75         0.02       7765.39
        11.90        320.72         0.29       7447.42
        11.90          2.75         0.02       7765.39
        12.00        320.38         0.30       7447.76
        12.00          2.75         0.02       7765.39
        12.10        320.04         0.30       7448.10
        12.10          2.76         0.02       7765.39
        12.20        319.69         0.30       7448.45
        12.20          2.76         0.03       7765.38
        12.30        319.35         0.30       7448.80
        12.30          2.76         0.03       7765.38
        12.40        319.00         0.30       7449.14
        12.40          2.76         0.03       7765.38
        12.50        318.65         0.31       7449.50
        12.50          2.77         0.03       7765.38
        12.60        318.29         0.31       7449.85
        12.60          2.77         0.03       7765.37
        12.70        317.93         0.31       7450.21
        12.70          2.77         0.03       7765.37
        12.80        317.57         0.31       7450.57
        12.80          2.77         0.03       7765.37
        12.90        317.21         0.32       7450.93
        12.90          2.78         0.03       7765.37
        13.00        316.85         0.32       7451.30
        13.00          2.78         0.03       7765.36
        13.10        316.48         0.32       7451.66
        13.10          2.78         0.03       7765.36
        13.20        316.11         0.32       7452.03
        13.20          2.79         0.03       7765.36
        13.30        315.74         0.32       7452.41
        13.30          2.79         0.03       7765.35
        13.40        315.36         0.33       7452.78
        13.40          2.79         0.03       7765.35
        13.50        314.98         0.33       7453.16
        13.50          2.79         0.03       7765.35
        13.60        314.61         0.33       7453.54
        13.60          2.80         0.03       7765.35
        13.70        314.22         0.33       7453.92
        13.70          2.80         0.03       7765.34
        13.80        313.84         0.33       7454.30
        13.80          2.80         0.03       7765.34
        13.90        313.45         0.34       7454.69
        13.90          2.81         0.03       7765.34
        14.00        313.06         0.34       7455.08
        14.00          2.81         0.03       7765.33
        14.10        312.67         0.34       7455.47
        14.10          2.81         0.03       7765.33
        14.20        312.28         0.34       7455.87
        14.20          2.82         0.03       7765.33
        14.30        311.88         0.35       7456.26
        14.30          2.82         0.03       7765.32
        14.40        311.48         0.35       7456.66
        14.40          2.82         0.03       7765.32
        14.50        311.08         0.35       7457.07
        14.50          2.82         0.03       7765.32
        14.60        310.67         0.35       7457.47
        14.60          2.83         0.03       7765.31
        14.70        310.27         0.35       7457.88
        14.70          2.83         0.03       7765.31
        14.80        309.86         0.36       7458.28
        14.80          2.83         0.03       7765.31
        14.90        309.45         0.36       7458.70
        14.90          2.84         0.03       7765.31
        15.00        309.03         0.36       7459.11
        15.00          2.84         0.03       7765.30
        15.10        308.62         0.36       7459.53
        15.10          2.84         0.03       7765.30
        15.20        308.20         0.36       7459.94
        15.20          2.85         0.03       7765.30
        15.30        307.78         0.37       7460.36
        15.30          2.85         0.03       7765.29
        15.40        307.36         0.37       7460.79
        15.40          2.85         0.03       7765.29
        15.50        306.93         0.37       7461.21
        15.50          2.86         0.03       7765.29
        15.60        306.50         0.37       7461.64
        15.60          2.86         0.03       7765.28
        15.70        306.07         0.37       7462.07
        15.70          2.86         0.03       7765.28
        15.80        305.64         0.38       7462.50
        15.80          2.87         0.03       7765.28
        15.90        305.21         0.38       7462.94
        15.90          2.87         0.03       7765.27
        16.00        304.77         0.38       7463.37
        16.00          2.87         0.03       7765.27
        16.10        304.33         0.38       7463.81
        16.10          2.88         0.03       7765.26
        16.20        303.89         0.38       7464.25
        16.20          2.88         0.03       7765.26
        16.30        303.44         0.39       7464.70
        16.30          2.89         0.03       7765.26
        16.40        303.00         0.39       7465.14
        16.40          2.89         0.03       7765.25
        16.50        302.55         0.39       7465.59
        16.50          2.89         0.03       7765.25
        16.60        302.10         0.39       7466.04
        16.60          2.90         0.03       7765.25
        16.70        301.65         0.39       7466.49
        16.70          2.90         0.04       7765.24
        16.80        301.19         0.40       7466.95
        16.80          2.90         0.04       7765.24
        16.90        300.74         0.40       7467.41
        16.90          2.91         0.04       7765.23
        17.00        300.28         0.40       7467.87
        17.00          2.91         0.04       7765.23
        17.10        299.82         0.40       7468.33
        17.10          2.92         0.04       7765.23
        17.20        299.35         0.40       7468.79
        17.20          2.92         0.04       7765.22
        17.30        298.89         0.41       7469.26
        17.30          2.92         0.04       7765.22
        17.40        298.42         0.41       7469.72
        17.40          2.93         0.04       7765.22
        17.50        297.95         0.41       7470.20
        17.50          2.93         0.04       7765.21
        17.60        297.48         0.41       7470.67
        17.60          2.94         0.04       7765.21
        17.70        297.00         0.41       7471.14
        17.70          2.94         0.04       7765.20
        17.80        296.52         0.41       7471.62
        17.80          2.94         0.04       7765.20
        17.90        296.05         0.42       7472.10
        17.90          2.95         0.04       7765.20
        18.00        295.56         0.42       7472.58
        18.00          2.95         0.04       7765.19
        18.10        295.08         0.42       7473.06
        18.10          2.96         0.04       7765.19
        18.20        294.60         0.42       7473.55
        18.20          2.96         0.04       7765.18
        18.30        294.11         0.42       7474.03
        18.30          2.96         0.04       7765.18
        18.40        293.62         0.43       7474.52
        18.40          2.97         0.04       7765.17
        18.50        293.13         0.43       7475.01
        18.50          2.97         0.04       7765.17
        18.60        292.63         0.43       7475.51
        18.60          2.98         0.04       7765.17
        18.70        292.14         0.43       7476.00
        18.70          2.98         0.04       7765.16
        18.80        291.64         0.43       7476.50
        18.80          2.99         0.04       7765.16
        18.90        291.14         0.43       7477.00
        18.90          2.99         0.04       7765.15
        19.00        290.64         0.44       7477.50
        19.00          2.99         0.04       7765.15
        19.10        290.14         0.44       7478.01
        19.10          3.00         0.04       7765.14
        19.20        289.63         0.44       7478.51
        19.20          3.00         0.04       7765.14
        19.30        289.12         0.44       7479.02
        19.30          3.01         0.04       7765.13
        19.40        288.61         0.44       7479.53
        19.40          3.01         0.04       7765.13
        19.50        288.10         0.45       7480.04
        19.50          3.02         0.04       7765.12
        19.60        287.59         0.45       7480.55
        19.60          3.02         0.04       7765.12
        19.70        287.07         0.45       7481.07
        19.70          3.03         0.04       7765.12
        19.80        286.55         0.45       7481.59
        19.80          3.03         0.04       7765.11
        19.90        286.04         0.45       7482.11
        19.90          3.04         0.04       7765.11
        20.00        285.51         0.45       7482.63
        20.00          3.04         0.04       7765.10
        20.10        284.99         0.46       7483.15
        20.10          3.05         0.04       7765.10
        20.20        284.46         0.46       7483.68
        20.20          3.05         0.04       7765.09
        20.30        283.94         0.46       7484.21
        20.30          3.06         0.04       7765.09
        20.40        283.41         0.46       7484.73
        20.40          3.06         0.04       7765.08
        20.50        282.88         0.46       7485.27
        20.50          3.07         0.04       7765.08
        20.60        282.34         0.46       7485.80
        20.60          3.07         0.04       7765.07
        20.70        281.81         0.47       7486.33
        20.70          3.08         0.04       7765.07
        20.80        281.27         0.47       7486.87
        20.80          3.08         0.04       7765.06
        20.90        280.73         0.47       7487.41
        20.90          3.09         0.04       7765.06
        21.00        280.19         0.47       7487.95
        21.00          3.09         0.05       7765.05
        21.10        279.65         0.47       7488.49
        21.10          3.10         0.05       7765.05
        21.20        279.11         0.47       7489.04
        21.20          3.10         0.05       7765.04
        21.30        278.56         0.48       7489.58
        21.30          3.11         0.05       7765.04
        21.40        278.01         0.48       7490.13
        21.40          3.11         0.05       7765.03
        21.50        277.46         0.48       7490.68
        21.50          3.12         0.05       7765.02
        21.60        276.91         0.48       7491.23
        21.60          3.12         0.05       7765.02
        21.70        276.36         0.48       7491.79
        21.70          3.13         0.05       7765.01
        21.80        275.80         0.48       7492.34
        21.80          3.13         0.05       7765.01
        21.90        275.25         0.48       7492.90
        21.90          3.14         0.05       7765.00
        22.00        274.69         0.49       7493.46
        22.00          3.15         0.05       7765.00
        22.10        274.13         0.49       7494.02
        22.10          3.15         0.05       7764.99
        22.20        273.56         0.49       7494.58
        22.20          3.16         0.05       7764.99
        22.30        273.00         0.49       7495.14
        22.30          3.16         0.05       7764.98
        22.40        272.43         0.49       7495.71
        22.40          3.17         0.05       7764.97
        22.50        271.87         0.49       7496.28
        22.50          3.17         0.05       7764.97
        22.60        271.30         0.50       7496.84
        22.60          3.18         0.05       7764.96
        22.70        270.73         0.50       7497.41
        22.70          3.19         0.05       7764.96
        22.80        270.16         0.50       7497.99
        22.80          3.19         0.05       7764.95
        22.90        269.58         0.50       7498.56
        22.90          3.20         0.05       7764.94
        23.00        269.01         0.50       7499.14
        23.00          3.20         0.05       7764.94
        23.10        268.43         0.50       7499.71
        23.10          3.21         0.05       7764.93
        23.20        267.85         0.50       7500.29
        23.20          3.22         0.05       7764.93
        23.30        267.27         0.51       7500.87
        23.30          3.22         0.05       7764.92
        23.40        266.69         0.51       7501.46
        23.40          3.23         0.05       7764.91
        23.50        266.10         0.51       7502.04
        23.50          3.23         0.05       7764.91
        23.60        265.52         0.51       7502.63
        23.60          3.24         0.05       7764.90
        23.70        264.93         0.51       7503.21
        23.70          3.25         0.05       7764.90
        23.80        264.34         0.51       7503.80
        23.80          3.25         0.05       7764.89
        23.90        263.75         0.51       7504.39
        23.90          3.26         0.05       7764.88
        24.00        263.16         0.51       7504.98
        24.00          3.27         0.05       7764.88
        24.10        262.56         0.52       7505.58
        24.10          3.27         0.05       7764.87
        24.20        261.97         0.52       7506.17
        24.20          3.28         0.05       7764.86
        24.30        261.37         0.52       7506.77
        24.30          3.29         0.05       7764.86
        24.40        260.77         0.52       7507.37
        24.40          3.29         0.05       7764.85
        24.50        260.17         0.52       7507.97
        24.50          3.30         0.05       7764.84
        24.60        259.57         0.52       7508.57
        24.60          3.31         0.05       7764.84
        24.70        258.97         0.52       7509.17
        24.70          3.31         0.05       7764.83
        24.80        258.37         0.53       7509.78
        24.80          3.32         0.05       7764.82
        24.90        257.76         0.53       7510.38
        24.90          3.33         0.06       7764.82
        25.00        257.15         0.53       7510.99
        25.00          3.33         0.06       7764.81
        25.10        256.55         0.53       7511.60
        25.10          3.34         0.06       7764.80
        25.20        255.94         0.53       7512.21
        25.20          3.35         0.06       7764.80
        25.30        255.32         0.53       7512.82
        25.30          3.35         0.06       7764.79
        25.40        254.71         0.53       7513.43
        25.40          3.36         0.06       7764.78
        25.50        254.10         0.53       7514.05
        25.50          3.37         0.06       7764.77
        25.60        253.48         0.54       7514.66
        25.60          3.38         0.06       7764.77
        25.70        252.86         0.54       7515.28
        25.70          3.38         0.06       7764.76
        25.80        252.24         0.54       7515.90
        25.80          3.39         0.06       7764.75
        25.90        251.62         0.54       7516.52
        25.90          3.40         0.06       7764.75
        26.00        251.00         0.54       7517.14
        26.00          3.40         0.06       7764.74
        26.10        250.38         0.54       7517.76
        26.10          3.41         0.06       7764.73
        26.20        249.76         0.54       7518.39
        26.20          3.42         0.06       7764.72
        26.30        249.13         0.54       7519.01
        26.30          3.43         0.06       7764.72
        26.40        248.50         0.54       7519.64
        26.40          3.43         0.06       7764.71
        26.50        247.88         0.55       7520.27
        26.50          3.44         0.06       7764.70
        26.60        247.25         0.55       7520.90
        26.60          3.45         0.06       7764.69
        26.70        246.61         0.55       7521.53
        26.70          3.46         0.06       7764.68
        26.80        245.98         0.55       7522.16
        26.80          3.47         0.06       7764.68
        26.90        245.35         0.55       7522.79
        26.90          3.47         0.06       7764.67
        27.00        244.71         0.55       7523.43
        27.00          3.48         0.06       7764.66
        27.10        244.08         0.55       7524.06
        27.10          3.49         0.06       7764.65
        27.20        243.44         0.55       7524.70
        27.20          3.50         0.06       7764.64
        27.30        242.80         0.55       7525.34
        27.30          3.51         0.06       7764.64
        27.40        242.16         0.56       7525.98
        27.40          3.51         0.06       7764.63
        27.50        241.52         0.56       7526.62
        27.50          3.52         0.06       7764.62
        27.60        240.88         0.56       7527.26
        27.60          3.53         0.06       7764.61
        27.70        240.24         0.56       7527.91
        27.70          3.54         0.06       7764.60
        27.80        239.59         0.56       7528.55
        27.80          3.55         0.06       7764.59
        27.90        238.95         0.56       7529.20
        27.90          3.56         0.06       7764.59
        28.00        238.30         0.56       7529.84
        28.00          3.57         0.06       7764.58
        28.10        237.65         0.56       7530.49
        28.10          3.57         0.06       7764.57
        28.20        237.00         0.56       7531.14
        28.20          3.58         0.06       7764.56
        28.30        236.35         0.56       7531.79
        28.30          3.59         0.06       7764.55
        28.40        235.70         0.56       7532.44
        28.40          3.60         0.06       7764.54
        28.50        235.05         0.57       7533.10
        28.50          3.61         0.07       7764.53
        28.60        234.39         0.57       7533.75
        28.60          3.62         0.07       7764.52
        28.70        233.74         0.57       7534.41
        28.70          3.63         0.07       7764.52
        28.80        233.08         0.57       7535.06
        28.80          3.64         0.07       7764.51
        28.90        232.42         0.57       7535.72
        28.90          3.65         0.07       7764.50
        29.00        231.76         0.57       7536.38
        29.00          3.65         0.07       7764.49
        29.10        231.11         0.57       7537.04
        29.10          3.66         0.07       7764.48
        29.20        230.44         0.57       7537.70
        29.20          3.67         0.07       7764.47
        29.30        229.78         0.57       7538.36
        29.30          3.68         0.07       7764.46
        29.40        229.12         0.57       7539.02
        29.40          3.69         0.07       7764.45
        29.50        228.46         0.57       7539.69
        29.50          3.70         0.07       7764.44
        29.60        227.79         0.58       7540.35
        29.60          3.71         0.07       7764.43
        29.70        227.13         0.58       7541.02
        29.70          3.72         0.07       7764.42
        29.80        226.46         0.58       7541.68
        29.80          3.73         0.07       7764.41
        29.90        225.79         0.58       7542.35
        29.90          3.74         0.07       7764.40
        30.00        225.12         0.58       7543.02
        30.00          3.75         0.07       7764.39
        30.10        224.45         0.58       7543.69
        30.10          3.76         0.07       7764.38
        30.20        223.78         0.58       7544.36
        30.20          3.77         0.07       7764.37
        30.30        223.11         0.58       7545.03
        30.30          3.78         0.07       7764.36
        30.40        222.44         0.58       7545.70
        30.40          3.79         0.07       7764.35
        30.50        221.76         0.58       7546.38
        30.50          3.80         0.07       7764.34
        30.60        221.09         0.58       7547.05
        30.60          3.81         0.07       7764.33
        30.70        220.41         0.58       7547.73
        30.70          3.82         0.07       7764.32
        30.80        219.74         0.58       7548.41
        30.80          3.83         0.07       7764.31
        30.90        219.06         0.58       7549.08
        30.90          3.84         0.07       7764.30
        31.00        218.38         0.59       7549.76
        31.00          3.85         0.07       7764.29
        31.10        217.70         0.59       7550.44
        31.10          3.86         0.07       7764.28
        31.20        217.02         0.59       7551.12
        31.20          3.88         0.07       7764.27
        31.30        216.34         0.59       7551.80
        31.30          3.89         0.07       7764.26
        31.40        215.66         0.59       7552.48
        31.40          3.90         0.07       7764.25
        31.50        214.98         0.59       7553.17
        31.50          3.91         0.07       7764.23
        31.60        214.29         0.59       7553.85
        31.60          3.92         0.07       7764.22
        31.70        213.61         0.59       7554.53
        31.70          3.93         0.07       7764.21
        31.80        212.92         0.59       7555.22
        31.80          3.94         0.08       7764.20
        31.90        212.24         0.59       7555.90
        31.90          3.95         0.08       7764.19
        32.00        211.55         0.59       7556.59
        32.00          3.97         0.08       7764.18
        32.10        210.86         0.59       7557.28
        32.10          3.98         0.08       7764.17
        32.20        210.18         0.59       7557.97
        32.20          3.99         0.08       7764.15
        32.30        209.49         0.59       7558.66
        32.30          4.00         0.08       7764.14
        32.40        208.80         0.59       7559.35
        32.40          4.01         0.08       7764.13
        32.50        208.11         0.59       7560.04
        32.50          4.02         0.08       7764.12
        32.60        207.41         0.60       7560.73
        32.60          4.04         0.08       7764.11
        32.70        206.72         0.60       7561.42
        32.70          4.05         0.08       7764.09
        32.80        206.03         0.60       7562.11
        32.80          4.06         0.08       7764.08
        32.90        205.34         0.60       7562.81
        32.90          4.07         0.08       7764.07
        33.00        204.64         0.60       7563.50
        33.00          4.09         0.08       7764.06
        33.10        203.95         0.60       7564.20
        33.10          4.10         0.08       7764.04
        33.20        203.25         0.60       7564.89
        33.20          4.11         0.08       7764.03
        33.30        202.55         0.60       7565.59
        33.30          4.12         0.08       7764.02
        33.40        201.86         0.60       7566.29
        33.40          4.14         0.08       7764.01
        33.50        201.16         0.60       7566.98
        33.50          4.15         0.08       7763.99
        33.60        200.46         0.60       7567.68
        33.60          4.16         0.08       7763.98
        33.70        199.76         0.60       7568.38
        33.70          4.18         0.08       7763.97
        33.80        199.06         0.60       7569.08
        33.80          4.19         0.08       7763.95
        33.90        198.36         0.60       7569.78
        33.90          4.20         0.08       7763.94
        34.00        197.66         0.60       7570.48
        34.00          4.22         0.08       7763.93
        34.10        196.96         0.60       7571.18
        34.10          4.23         0.08       7763.91
        34.20        196.26         0.60       7571.89
        34.20          4.24         0.08       7763.90
        34.30        195.55         0.60       7572.59
        34.30          4.26         0.08       7763.89
        34.40        194.85         0.60       7573.29
        34.40          4.27         0.08       7763.87
        34.50        194.15         0.60       7574.00
        34.50          4.29         0.08       7763.86
        34.60        193.44         0.60       7574.70
        34.60          4.30         0.08       7763.84
        34.70        192.74         0.60       7575.41
        34.70          4.31         0.08       7763.83
        34.80        192.03         0.60       7576.11
        34.80          4.33         0.09       7763.81
        34.90        191.32         0.60       7576.82
        34.90          4.34         0.09       7763.80
        35.00        190.62         0.60       7577.53
        35.00          4.36         0.09       7763.79
        35.10        189.91         0.60       7578.23
        35.10          4.37         0.09       7763.77
        35.20        189.20         0.60       7578.94
        35.20          4.39         0.09       7763.76
        35.30        188.49         0.60       7579.65
        35.30          4.40         0.09       7763.74
        35.40        187.78         0.61       7580.36
        35.40          4.42         0.09       7763.73
        35.50        187.08         0.61       7581.07
        35.50          4.43         0.09       7763.71
        35.60        186.37         0.61       7581.78
        35.60          4.45         0.09       7763.69
        35.70        185.65         0.61       7582.49
        35.70          4.46         0.09       7763.68
        35.80        184.94         0.61       7583.20
        35.80          4.48         0.09       7763.66
        35.90        184.23         0.61       7583.91
        35.90          4.49         0.09       7763.65
        36.00        183.52         0.61       7584.62
        36.00          4.51         0.09       7763.63
        36.10        182.81         0.61       7585.33
        36.10          4.53         0.09       7763.62
        36.20        182.10         0.61       7586.05
        36.20          4.54         0.09       7763.60
        36.30        181.38         0.61       7586.76
        36.30          4.56         0.09       7763.58
        36.40        180.67         0.61       7587.47
        36.40          4.58         0.09       7763.57
        36.50        179.95         0.61       7588.19
        36.50          4.59         0.09       7763.55
        36.60        179.24         0.61       7588.90
        36.60          4.61         0.09       7763.53
        36.70        178.53         0.61       7589.62
        36.70          4.63         0.09       7763.52
        36.80        177.81         0.61       7590.33
        36.80          4.64         0.09       7763.50
        36.90        177.09         0.61       7591.05
        36.90          4.66         0.09       7763.48
        37.00        176.38         0.61       7591.76
        37.00          4.68         0.09       7763.47
        37.10        175.66         0.61       7592.48
        37.10          4.69         0.09       7763.45
        37.20        174.95         0.61       7593.20
        37.20          4.71         0.09       7763.43
        37.30        174.23         0.61       7593.91
        37.30          4.73         0.09       7763.41
        37.40        173.51         0.61       7594.63
        37.40          4.75         0.10       7763.39
        37.50        172.79         0.61       7595.35
        37.50          4.77         0.10       7763.38
        37.60        172.08         0.61       7596.07
        37.60          4.78         0.10       7763.36
        37.70        171.36         0.61       7596.79
        37.70          4.80         0.10       7763.34
        37.80        170.64         0.61       7597.50
        37.80          4.82         0.10       7763.32
        37.90        169.92         0.61       7598.22
        37.90          4.84         0.10       7763.30
        38.00        169.20         0.61       7598.94
        38.00          4.86         0.10       7763.28
        38.10        168.48         0.61       7599.66
        38.10          4.88         0.10       7763.26
        38.20        167.76         0.61       7600.38
        38.20          4.90         0.10       7763.25
        38.30        167.04         0.61       7601.10
        38.30          4.92         0.10       7763.23
        38.40        166.32         0.61       7601.82
        38.40          4.94         0.10       7763.21
        38.50        165.60         0.61       7602.54
        38.50          4.96         0.10       7763.19
        38.60        164.88         0.61       7603.26
        38.60          4.98         0.10       7763.17
        38.70        164.16         0.61       7603.99
        38.70          5.00         0.10       7763.15
        38.80        163.43         0.61       7604.71
        38.80          5.02         0.10       7763.13
        38.90        162.71         0.61       7605.43
        38.90          5.04         0.10       7763.11
        39.00        161.99         0.61       7606.15
        39.00          5.06         0.10       7763.08
        39.10        161.27         0.61       7606.87
        39.10          5.08         0.10       7763.06
        39.20        160.55         0.61       7607.60
        39.20          5.10         0.10       7763.04
        39.30        159.82         0.60       7608.32
        39.30          5.12         0.10       7763.02
        39.40        159.10         0.60       7609.04
        39.40          5.14         0.10       7763.00
        39.50        158.38         0.60       7609.76
        39.50          5.16         0.10       7762.98
        39.60        157.65         0.60       7610.49
        39.60          5.19         0.10       7762.96
        39.70        156.93         0.60       7611.21
        39.70          5.21         0.10       7762.93
        39.80        156.21         0.60       7611.94
        39.80          5.23         0.11       7762.91
        39.90        155.48         0.60       7612.66
        39.90          5.25         0.11       7762.89
        40.00        154.76         0.60       7613.38
        40.00          5.28         0.11       7762.87
        40.10        154.04         0.60       7614.11
        40.10          5.30         0.11       7762.84
        40.20        153.31         0.60       7614.83
        40.20          5.32         0.11       7762.82
        40.30        152.59         0.60       7615.56
        40.30          5.35         0.11       7762.80
        40.40        151.86         0.60       7616.28
        40.40          5.37         0.11       7762.77
        40.50        151.14         0.60       7617.01
        40.50          5.39         0.11       7762.75
        40.60        150.41         0.60       7617.73
        40.60          5.42         0.11       7762.73
        40.70        149.69         0.60       7618.46
        40.70          5.44         0.11       7762.70
        40.80        148.96         0.60       7619.18
        40.80          5.47         0.11       7762.68
        40.90        148.24         0.60       7619.91
        40.90          5.49         0.11       7762.65
        41.00        147.51         0.60       7620.63
        41.00          5.52         0.11       7762.63
        41.10        146.79         0.60       7621.36
        41.10          5.54         0.11       7762.60
        41.20        146.06         0.60       7622.08
        41.20          5.57         0.11       7762.58
        41.30        145.33         0.60       7622.81
        41.30          5.59         0.11       7762.55
        41.40        144.61         0.60       7623.53
        41.40          5.62         0.11       7762.52
        41.50        143.88         0.60       7624.26
        41.50          5.65         0.11       7762.50
        41.60        143.16         0.60       7624.99
        41.60          5.67         0.11       7762.47
        41.70        142.43         0.60       7625.71
        41.70          5.70         0.11       7762.44
        41.80        141.70         0.60       7626.44
        41.80          5.73         0.11       7762.42
        41.90        140.98         0.60       7627.16
        41.90          5.75         0.12       7762.39
        42.00        140.25         0.59       7627.89
        42.00          5.78         0.12       7762.36
        42.10        139.53         0.59       7628.62
        42.10          5.81         0.12       7762.33
        42.20        138.80         0.59       7629.34
        42.20          5.84         0.12       7762.30
        42.30        138.07         0.59       7630.07
        42.30          5.87         0.12       7762.28
        42.40        137.35         0.59       7630.80
        42.40          5.90         0.12       7762.25
        42.50        136.62         0.59       7631.52
        42.50          5.92         0.12       7762.22
        42.60        135.89         0.59       7632.25
        42.60          5.95         0.12       7762.19
        42.70        135.17         0.59       7632.98
        42.70          5.98         0.12       7762.16
        42.80        134.44         0.59       7633.70
        42.80          6.01         0.12       7762.13
        42.90        133.71         0.59       7634.43
        42.90          6.05         0.12       7762.10
        43.00        132.99         0.59       7635.16
        43.00          6.08         0.12       7762.07
        43.10        132.26         0.59       7635.88
        43.10          6.11         0.12       7762.04
        43.20        131.53         0.59       7636.61
        43.20          6.14         0.12       7762.00
        43.30        130.81         0.59       7637.34
        43.30          6.17         0.12       7761.97
        43.40        130.08         0.59       7638.06
        43.40          6.20         0.12       7761.94
        43.50        129.35         0.59       7638.79
        43.50          6.24         0.12       7761.91
        43.60        128.63         0.59       7639.52
        43.60          6.27         0.12       7761.87
        43.70        127.90         0.58       7640.24
        43.70          6.30         0.12       7761.84
        43.80        127.17         0.58       7640.97
        43.80          6.34         0.13       7761.81
        43.90        126.44         0.58       7641.70
        43.90          6.37         0.13       7761.77
        44.00        125.72         0.58       7642.42
        44.00          6.41         0.13       7761.74
        44.10        124.99         0.58       7643.15
        44.10          6.44         0.13       7761.70
        44.20        124.26         0.58       7643.88
        44.20          6.48         0.13       7761.67
        44.30        123.54         0.58       7644.61
        44.30          6.51         0.13       7761.63
        44.40        122.81         0.58       7645.33
        44.40          6.55         0.13       7761.59
        44.50        122.08         0.58       7646.06
        44.50          6.58         0.13       7761.56
        44.60        121.36         0.58       7646.79
        44.60          6.62         0.13       7761.52
        44.70        120.63         0.58       7647.51
        44.70          6.66         0.13       7761.48
        44.80        119.90         0.58       7648.24
        44.80          6.70         0.13       7761.45
        44.90        119.17         0.57       7648.97
        44.90          6.74         0.13       7761.41
        45.00        118.45         0.57       7649.69
        45.00          6.77         0.13       7761.37
        45.10        117.72         0.57       7650.42
        45.10          6.81         0.13       7761.33
        45.20        116.99         0.57       7651.15
        45.20          6.85         0.13       7761.29
        45.30        116.27         0.57       7651.88
        45.30          6.89         0.13       7761.25
        45.40        115.54         0.57       7652.60
        45.40          6.94         0.13       7761.21
        45.50        114.81         0.57       7653.33
        45.50          6.98         0.14       7761.17
        45.60        114.09         0.57       7654.06
        45.60          7.02         0.14       7761.12
        45.70        113.36         0.57       7654.78
        45.70          7.06         0.14       7761.08
        45.80        112.63         0.57       7655.51
        45.80          7.11         0.14       7761.04
        45.90        111.90         0.57       7656.24
        45.90          7.15         0.14       7760.99
        46.00        111.18         0.56       7656.97
        46.00          7.19         0.14       7760.95
        46.10        110.45         0.56       7657.69
        46.10          7.24         0.14       7760.90
        46.20        109.72         0.56       7658.42
        46.20          7.28         0.14       7760.86
        46.30        109.00         0.56       7659.15
        46.30          7.33         0.14       7760.81
        46.40        108.27         0.56       7659.87
        46.40          7.38         0.14       7760.77
        46.50        107.54         0.56       7660.60
        46.50          7.42         0.14       7760.72
        46.60        106.81         0.56       7661.33
        46.60          7.47         0.14       7760.67
        46.70        106.09         0.56       7662.06
        46.70          7.52         0.14       7760.62
        46.80        105.36         0.56       7662.78
        46.80          7.57         0.14       7760.57
        46.90        104.63         0.55       7663.51
        46.90          7.62         0.14       7760.52
        47.00        103.90         0.55       7664.24
        47.00          7.67         0.15       7760.47
        47.10        103.18         0.55       7664.97
        47.10          7.72         0.15       7760.42
        47.20        102.45         0.55       7665.70
        47.20          7.77         0.15       7760.37
        47.30        101.72         0.55       7666.42
        47.30          7.83         0.15       7760.32
        47.40        100.99         0.55       7667.15
        47.40          7.88         0.15       7760.26
        47.50        100.26         0.55       7667.88
        47.50          7.94         0.15       7760.21
        47.60         99.53         0.55       7668.61
        47.60          7.99         0.15       7760.15
        47.70         98.81         0.54       7669.34
        47.70          8.05         0.15       7760.10
        47.80         98.08         0.54       7670.07
        47.80          8.10         0.15       7760.04
        47.90         97.35         0.54       7670.79
        47.90          8.16         0.15       7759.98
        48.00         96.62         0.54       7671.52
        48.00          8.22         0.15       7759.92
        48.10         95.89         0.54       7672.25
        48.10          8.28         0.15       7759.86
        48.20         95.16         0.54       7672.98
        48.20          8.34         0.15       7759.80
        48.30         94.43         0.54       7673.71
        48.30          8.40         0.16       7759.74
        48.40         93.70         0.54       7674.44
        48.40          8.46         0.16       7759.68
        48.50         92.97         0.53       7675.17
        48.50          8.53         0.16       7759.61
        48.60         92.24         0.53       7675.90
        48.60          8.59         0.16       7759.55
        48.70         91.51         0.53       7676.64
        48.70          8.66         0.16       7759.48
        48.80         90.78         0.53       7677.37
        48.80          8.73         0.16       7759.42
        48.90         90.04         0.53       7678.10
        48.90          8.79         0.16       7759.35
        49.00         89.31         0.53       7678.83
        49.00          8.86         0.16       7759.28
        49.10         88.58         0.53       7679.56
        49.10          8.93         0.16       7759.21
        49.20         87.85         0.52       7680.30
        49.20          9.00         0.16       7759.14
        49.30         87.11         0.52       7681.03
        49.30          9.08         0.16       7759.07
        49.40         86.38         0.52       7681.76
        49.40          9.15         0.17       7758.99
        49.50         85.64         0.52       7682.50
        49.50          9.23         0.17       7758.92
        49.60         84.91         0.52       7683.23
        49.60          9.30         0.17       7758.84
        49.70         84.17         0.52       7683.97
        49.70          9.38         0.17       7758.76
        49.80         83.44         0.51       7684.71
        49.80          9.46         0.17       7758.68
        49.90         82.70         0.51       7685.44
        49.90          9.54         0.17       7758.60
        50.00         81.96         0.51       7686.18
        50.00          9.62         0.17       7758.52
        50.10         81.22         0.51       7686.92
        50.10          9.71         0.17       7758.43
        50.20         80.49         0.51       7687.66
        50.20          9.80         0.17       7758.35
        50.30         79.75         0.51       7688.40
        50.30          9.88         0.17       7758.26
        50.40         79.00         0.50       7689.14
        50.40          9.97         0.18       7758.17
        50.50         78.26         0.50       7689.88
        50.50         10.06         0.18       7758.08
        50.60         77.52         0.50       7690.62
        50.60         10.16         0.18       7757.99
        50.70         76.78         0.50       7691.37
        50.70         10.25         0.18       7757.89
        50.80         76.03         0.50       7692.11
        50.80         10.35         0.18       7757.79
        50.90         75.28         0.50       7692.86
        50.90         10.45         0.18       7757.70
        51.00         74.54         0.49       7693.61
        51.00         10.55         0.18       7757.59
        51.10         73.79         0.49       7694.36
        51.10         10.65         0.18       7757.49
        51.20         73.04         0.49       7695.11
        51.20         10.76         0.18       7757.38
        51.30         72.29         0.49       7695.86
        51.30         10.87         0.19       7757.28
        51.40         71.53         0.49       7696.61
        51.40         10.98         0.19       7757.17
        51.50         70.78         0.48       7697.37
        51.50         11.09         0.19       7757.05
        51.60         70.02         0.48       7698.12
        51.60         11.21         0.19       7756.94
        51.70         69.26         0.48       7698.88
        51.70         11.33         0.19       7756.82
        51.80         68.50         0.48       7699.64
        51.80         11.45         0.19       7756.69
        51.90         67.74         0.48       7700.41
        51.90         11.57         0.19       7756.57
        52.00         66.97         0.47       7701.17
        52.00         11.70         0.19       7756.44
        52.10         66.20         0.47       7701.94
        52.10         11.83         0.20       7756.31
        52.20         65.43         0.47       7702.71
        52.20         11.97         0.20       7756.17
        52.30         64.66         0.47       7703.48
        52.30         12.11         0.20       7756.03
        52.40         63.88         0.46       7704.26
        52.40         12.25         0.20       7755.89
        52.50         63.10         0.46       7705.04
        52.50         12.40         0.20       7755.74
        52.60         62.32         0.46       7705.82
        52.60         12.55         0.20       7755.59
        52.70         61.54         0.46       7706.61
        52.70         12.71         0.20       7755.44
        52.80         60.75         0.45       7707.40
        52.80         12.87         0.21       7755.28
        52.90         59.95         0.45       7708.19
        52.90         13.03         0.21       7755.11
        53.00         59.15         0.45       7708.99
        53.00         13.21         0.21       7754.94
        53.10         58.35         0.45       7709.79
        53.10         13.38         0.21       7754.76
        53.20         57.54         0.44       7710.60
        53.20         13.57         0.21       7754.58
        53.30         56.73         0.44       7711.42
        53.30         13.76         0.21       7754.39
        53.40         55.91         0.44       7712.24
        53.40         13.95         0.22       7754.19
        53.50         55.08         0.44       7713.06
        53.50         14.16         0.22       7753.98
        53.60         54.25         0.43       7713.90
        53.60         14.37         0.22       7753.77
        53.70         53.41         0.43       7714.74
        53.70         14.59         0.22       7753.55
        53.80         52.56         0.43       7715.59
        53.80         14.82         0.22       7753.32
        53.90         51.70         0.42       7716.45
        53.90         15.07         0.23       7753.08
        54.00         50.83         0.42       7717.31
        54.00         15.32         0.23       7752.82
        54.10         49.95         0.42       7718.20
        54.10         15.58         0.23       7752.56
        54.20         49.05         0.41       7719.09
        54.20         15.86         0.23       7752.28
        54.30         48.15         0.41       7719.99
        54.30         16.16         0.24       7751.99
        54.40         47.23         0.41       7720.92
        54.40         16.47         0.24       7751.68
        54.50         46.29         0.40       7721.86
        54.50         16.80         0.24       7751.35
        54.60         45.33         0.40       7722.82
        54.60         17.15         0.24       7751.00
        54.70         44.34         0.40       7723.80
        54.70         17.52         0.25       7750.62
        54.80         43.33         0.39       7724.81
        54.80         17.92         0.25       7750.22
        54.90         42.29         0.39       7725.85
        54.90         18.36         0.25       7749.78
        55.00         41.21         0.38       7726.93
        55.00         18.83         0.26       7749.31
        55.10         40.08         0.38       7728.06
        55.10         19.36         0.26       7748.78
        55.20         38.89         0.37       7729.25
        55.20         19.94         0.26       7748.20
        55.30         37.63         0.37       7730.52
        55.30         20.61         0.27       7747.53
        55.40         36.25         0.36       7731.89
        55.40         21.38         0.27       7746.76
        55.50         34.71         0.35       7733.43
        55.50         22.33         0.28       7745.82
        55.60         32.87         0.34       7735.28
        55.60         23.57         0.29       7744.57
        55.70         30.17         0.33       7737.97
        55.70         25.67         0.30       7742.48
